ERROR    fs_live_stat_parser.py[LINE:16 2020-07-31 19:11][get_html] Error receive html https://www.flashscore.com/match/fR9xLykq
Traceback (most recent call last):
  File "/home/max/Projects/football-stat-scraper/stat_scraper/fs_live_stat_parser.py", line 9, in get_html
    driver = get_driver()
  File "/home/max/Projects/football-stat-scraper/stat_scraper/init_driver.py", line 10, in get_driver
    driver = webdriver.Chrome(options=chrome_options,
  File "/home/max/.local/lib/python3.8/site-packages/selenium/webdriver/chrome/webdriver.py", line 73, in __init__
    self.service.start()
  File "/home/max/.local/lib/python3.8/site-packages/selenium/webdriver/common/service.py", line 98, in start
    self.assert_process_still_running()
  File "/home/max/.local/lib/python3.8/site-packages/selenium/webdriver/common/service.py", line 109, in assert_process_still_running
    raise WebDriverException(
selenium.common.exceptions.WebDriverException: Message: Service ./chromedriver unexpectedly exited. Status code was: 1

ERROR    fs_live_stat_parser.py[LINE:16 2020-07-31 19:11][get_html] Error receive html https://www.flashscore.com/match/hrg6SJd9
Traceback (most recent call last):
  File "/home/max/Projects/football-stat-scraper/stat_scraper/fs_live_stat_parser.py", line 9, in get_html
    driver = get_driver()
  File "/home/max/Projects/football-stat-scraper/stat_scraper/init_driver.py", line 10, in get_driver
    driver = webdriver.Chrome(options=chrome_options,
  File "/home/max/.local/lib/python3.8/site-packages/selenium/webdriver/chrome/webdriver.py", line 73, in __init__
    self.service.start()
  File "/home/max/.local/lib/python3.8/site-packages/selenium/webdriver/common/service.py", line 98, in start
    self.assert_process_still_running()
  File "/home/max/.local/lib/python3.8/site-packages/selenium/webdriver/common/service.py", line 109, in assert_process_still_running
    raise WebDriverException(
selenium.common.exceptions.WebDriverException: Message: Service ./chromedriver unexpectedly exited. Status code was: 1

ERROR    fs_live_stat_parser.py[LINE:16 2020-07-31 19:11][get_html] Error receive html https://www.flashscore.com/match/fPrqF9Mh
Traceback (most recent call last):
  File "/home/max/Projects/football-stat-scraper/stat_scraper/fs_live_stat_parser.py", line 9, in get_html
    driver = get_driver()
  File "/home/max/Projects/football-stat-scraper/stat_scraper/init_driver.py", line 10, in get_driver
    driver = webdriver.Chrome(options=chrome_options,
  File "/home/max/.local/lib/python3.8/site-packages/selenium/webdriver/chrome/webdriver.py", line 73, in __init__
    self.service.start()
  File "/home/max/.local/lib/python3.8/site-packages/selenium/webdriver/common/service.py", line 98, in start
    self.assert_process_still_running()
  File "/home/max/.local/lib/python3.8/site-packages/selenium/webdriver/common/service.py", line 109, in assert_process_still_running
    raise WebDriverException(
selenium.common.exceptions.WebDriverException: Message: Service ./chromedriver unexpectedly exited. Status code was: 1

ERROR    speed_run_test.py[LINE:45 2020-07-31 19:11][run_parse] ERROR RUN PARSE ON URL https://www.flashscore.com/match/fPrqF9Mh
Traceback (most recent call last):
  File "/home/max/Projects/football-stat-scraper/tests/speed_run_test.py", line 41, in run_parse
    summary_stat.update(get_live_stat(url))
  File "/home/max/Projects/football-stat-scraper/stat_scraper/fs_live_stat_parser.py", line 96, in get_live_stat
    live_stat.update(get_main_stat(url))
  File "/home/max/Projects/football-stat-scraper/stat_scraper/fs_live_stat_parser.py", line 67, in get_main_stat
    html = get_html(url)
  File "/home/max/Projects/football-stat-scraper/stat_scraper/fs_live_stat_parser.py", line 17, in get_html
    return html
UnboundLocalError: local variable 'html' referenced before assignment
ERROR    fs_live_stat_parser.py[LINE:16 2020-07-31 19:11][get_html] Error receive html https://www.flashscore.com/match/2eVaBRLH
Traceback (most recent call last):
  File "/usr/lib/python3/dist-packages/urllib3/connection.py", line 156, in _new_conn
    conn = connection.create_connection(
  File "/usr/lib/python3/dist-packages/urllib3/util/connection.py", line 84, in create_connection
    raise err
  File "/usr/lib/python3/dist-packages/urllib3/util/connection.py", line 74, in create_connection
    sock.connect(sa)
ConnectionRefusedError: [Errno 111] Connection refused

During handling of the above exception, another exception occurred:

Traceback (most recent call last):
  File "/usr/lib/python3/dist-packages/urllib3/connectionpool.py", line 665, in urlopen
    httplib_response = self._make_request(
  File "/usr/lib/python3/dist-packages/urllib3/connectionpool.py", line 387, in _make_request
    conn.request(method, url, **httplib_request_kw)
  File "/usr/lib/python3.8/http/client.py", line 1240, in request
    self._send_request(method, url, body, headers, encode_chunked)
  File "/usr/lib/python3.8/http/client.py", line 1286, in _send_request
    self.endheaders(body, encode_chunked=encode_chunked)
  File "/usr/lib/python3.8/http/client.py", line 1235, in endheaders
    self._send_output(message_body, encode_chunked=encode_chunked)
  File "/usr/lib/python3.8/http/client.py", line 1006, in _send_output
    self.send(msg)
  File "/usr/lib/python3.8/http/client.py", line 946, in send
    self.connect()
  File "/usr/lib/python3/dist-packages/urllib3/connection.py", line 184, in connect
    conn = self._new_conn()
  File "/usr/lib/python3/dist-packages/urllib3/connection.py", line 168, in _new_conn
    raise NewConnectionError(
urllib3.exceptions.NewConnectionError: <urllib3.connection.HTTPConnection object at 0x7fb88cf7f340>: Failed to establish a new connection: [Errno 111] Connection refused

During handling of the above exception, another exception occurred:

Traceback (most recent call last):
  File "/home/max/Projects/football-stat-scraper/stat_scraper/fs_live_stat_parser.py", line 9, in get_html
    driver = get_driver()
  File "/home/max/Projects/football-stat-scraper/stat_scraper/init_driver.py", line 10, in get_driver
    driver = webdriver.Chrome(options=chrome_options,
  File "/home/max/.local/lib/python3.8/site-packages/selenium/webdriver/chrome/webdriver.py", line 76, in __init__
    RemoteWebDriver.__init__(
  File "/home/max/.local/lib/python3.8/site-packages/selenium/webdriver/remote/webdriver.py", line 157, in __init__
    self.start_session(capabilities, browser_profile)
  File "/home/max/.local/lib/python3.8/site-packages/selenium/webdriver/remote/webdriver.py", line 252, in start_session
    response = self.execute(Command.NEW_SESSION, parameters)
  File "/home/max/.local/lib/python3.8/site-packages/selenium/webdriver/remote/webdriver.py", line 319, in execute
    response = self.command_executor.execute(driver_command, params)
  File "/home/max/.local/lib/python3.8/site-packages/selenium/webdriver/remote/remote_connection.py", line 374, in execute
    return self._request(command_info[0], url, body=data)
  File "/home/max/.local/lib/python3.8/site-packages/selenium/webdriver/remote/remote_connection.py", line 397, in _request
    resp = self._conn.request(method, url, body=body, headers=headers)
  File "/usr/lib/python3/dist-packages/urllib3/request.py", line 79, in request
    return self.request_encode_body(
  File "/usr/lib/python3/dist-packages/urllib3/request.py", line 171, in request_encode_body
    return self.urlopen(method, url, **extra_kw)
  File "/usr/lib/python3/dist-packages/urllib3/poolmanager.py", line 330, in urlopen
    response = conn.urlopen(method, u.request_uri, **kw)
  File "/usr/lib/python3/dist-packages/urllib3/connectionpool.py", line 747, in urlopen
    return self.urlopen(
  File "/usr/lib/python3/dist-packages/urllib3/connectionpool.py", line 747, in urlopen
    return self.urlopen(
  File "/usr/lib/python3/dist-packages/urllib3/connectionpool.py", line 747, in urlopen
    return self.urlopen(
  File "/usr/lib/python3/dist-packages/urllib3/connectionpool.py", line 719, in urlopen
    retries = retries.increment(
  File "/usr/lib/python3/dist-packages/urllib3/util/retry.py", line 436, in increment
    raise MaxRetryError(_pool, url, error or ResponseError(cause))
urllib3.exceptions.MaxRetryError: HTTPConnectionPool(host='localhost', port=50807): Max retries exceeded with url: /session (Caused by NewConnectionError('<urllib3.connection.HTTPConnection object at 0x7fb88cf7f340>: Failed to establish a new connection: [Errno 111] Connection refused'))
ERROR    speed_run_test.py[LINE:45 2020-07-31 19:11][run_parse] ERROR RUN PARSE ON URL https://www.flashscore.com/match/2eVaBRLH
Traceback (most recent call last):
  File "/home/max/Projects/football-stat-scraper/tests/speed_run_test.py", line 41, in run_parse
    summary_stat.update(get_live_stat(url))
  File "/home/max/Projects/football-stat-scraper/stat_scraper/fs_live_stat_parser.py", line 96, in get_live_stat
    live_stat.update(get_main_stat(url))
  File "/home/max/Projects/football-stat-scraper/stat_scraper/fs_live_stat_parser.py", line 67, in get_main_stat
    html = get_html(url)
  File "/home/max/Projects/football-stat-scraper/stat_scraper/fs_live_stat_parser.py", line 17, in get_html
    return html
UnboundLocalError: local variable 'html' referenced before assignment
ERROR    fs_live_stat_parser.py[LINE:16 2020-07-31 19:11][get_html] Error receive html https://www.flashscore.com/match/xlYmETya
Traceback (most recent call last):
  File "/usr/lib/python3/dist-packages/urllib3/connectionpool.py", line 665, in urlopen
    httplib_response = self._make_request(
  File "/usr/lib/python3/dist-packages/urllib3/connectionpool.py", line 421, in _make_request
    six.raise_from(e, None)
  File "<string>", line 3, in raise_from
  File "/usr/lib/python3/dist-packages/urllib3/connectionpool.py", line 416, in _make_request
    httplib_response = conn.getresponse()
  File "/usr/lib/python3.8/http/client.py", line 1332, in getresponse
    response.begin()
  File "/usr/lib/python3.8/http/client.py", line 303, in begin
    version, status, reason = self._read_status()
  File "/usr/lib/python3.8/http/client.py", line 264, in _read_status
    line = str(self.fp.readline(_MAXLINE + 1), "iso-8859-1")
  File "/usr/lib/python3.8/socket.py", line 669, in readinto
    return self._sock.recv_into(b)
ConnectionResetError: [Errno 104] Connection reset by peer

During handling of the above exception, another exception occurred:

Traceback (most recent call last):
  File "/home/max/Projects/football-stat-scraper/stat_scraper/fs_live_stat_parser.py", line 9, in get_html
    driver = get_driver()
  File "/home/max/Projects/football-stat-scraper/stat_scraper/init_driver.py", line 10, in get_driver
    driver = webdriver.Chrome(options=chrome_options,
  File "/home/max/.local/lib/python3.8/site-packages/selenium/webdriver/chrome/webdriver.py", line 76, in __init__
    RemoteWebDriver.__init__(
  File "/home/max/.local/lib/python3.8/site-packages/selenium/webdriver/remote/webdriver.py", line 157, in __init__
    self.start_session(capabilities, browser_profile)
  File "/home/max/.local/lib/python3.8/site-packages/selenium/webdriver/remote/webdriver.py", line 252, in start_session
    response = self.execute(Command.NEW_SESSION, parameters)
  File "/home/max/.local/lib/python3.8/site-packages/selenium/webdriver/remote/webdriver.py", line 319, in execute
    response = self.command_executor.execute(driver_command, params)
  File "/home/max/.local/lib/python3.8/site-packages/selenium/webdriver/remote/remote_connection.py", line 374, in execute
    return self._request(command_info[0], url, body=data)
  File "/home/max/.local/lib/python3.8/site-packages/selenium/webdriver/remote/remote_connection.py", line 397, in _request
    resp = self._conn.request(method, url, body=body, headers=headers)
  File "/usr/lib/python3/dist-packages/urllib3/request.py", line 79, in request
    return self.request_encode_body(
  File "/usr/lib/python3/dist-packages/urllib3/request.py", line 171, in request_encode_body
    return self.urlopen(method, url, **extra_kw)
  File "/usr/lib/python3/dist-packages/urllib3/poolmanager.py", line 330, in urlopen
    response = conn.urlopen(method, u.request_uri, **kw)
  File "/usr/lib/python3/dist-packages/urllib3/connectionpool.py", line 719, in urlopen
    retries = retries.increment(
  File "/usr/lib/python3/dist-packages/urllib3/util/retry.py", line 400, in increment
    raise six.reraise(type(error), error, _stacktrace)
  File "/usr/lib/python3/dist-packages/six.py", line 702, in reraise
    raise value.with_traceback(tb)
  File "/usr/lib/python3/dist-packages/urllib3/connectionpool.py", line 665, in urlopen
    httplib_response = self._make_request(
  File "/usr/lib/python3/dist-packages/urllib3/connectionpool.py", line 421, in _make_request
    six.raise_from(e, None)
  File "<string>", line 3, in raise_from
  File "/usr/lib/python3/dist-packages/urllib3/connectionpool.py", line 416, in _make_request
    httplib_response = conn.getresponse()
  File "/usr/lib/python3.8/http/client.py", line 1332, in getresponse
    response.begin()
  File "/usr/lib/python3.8/http/client.py", line 303, in begin
    version, status, reason = self._read_status()
  File "/usr/lib/python3.8/http/client.py", line 264, in _read_status
    line = str(self.fp.readline(_MAXLINE + 1), "iso-8859-1")
  File "/usr/lib/python3.8/socket.py", line 669, in readinto
    return self._sock.recv_into(b)
urllib3.exceptions.ProtocolError: ('Connection aborted.', ConnectionResetError(104, 'Connection reset by peer'))
ERROR    speed_run_test.py[LINE:45 2020-07-31 19:11][run_parse] ERROR RUN PARSE ON URL https://www.flashscore.com/match/xlYmETya
Traceback (most recent call last):
  File "/home/max/Projects/football-stat-scraper/tests/speed_run_test.py", line 41, in run_parse
    summary_stat.update(get_live_stat(url))
  File "/home/max/Projects/football-stat-scraper/stat_scraper/fs_live_stat_parser.py", line 96, in get_live_stat
    live_stat.update(get_main_stat(url))
  File "/home/max/Projects/football-stat-scraper/stat_scraper/fs_live_stat_parser.py", line 67, in get_main_stat
    html = get_html(url)
  File "/home/max/Projects/football-stat-scraper/stat_scraper/fs_live_stat_parser.py", line 17, in get_html
    return html
UnboundLocalError: local variable 'html' referenced before assignment
ERROR    speed_run_test.py[LINE:45 2020-07-31 19:11][run_parse] ERROR RUN PARSE ON URL https://www.flashscore.com/match/fR9xLykq
Traceback (most recent call last):
  File "/home/max/Projects/football-stat-scraper/tests/speed_run_test.py", line 41, in run_parse
    summary_stat.update(get_live_stat(url))
  File "/home/max/Projects/football-stat-scraper/stat_scraper/fs_live_stat_parser.py", line 96, in get_live_stat
    live_stat.update(get_main_stat(url))
  File "/home/max/Projects/football-stat-scraper/stat_scraper/fs_live_stat_parser.py", line 67, in get_main_stat
    html = get_html(url)
  File "/home/max/Projects/football-stat-scraper/stat_scraper/fs_live_stat_parser.py", line 17, in get_html
    return html
UnboundLocalError: local variable 'html' referenced before assignment
ERROR    fs_live_stat_parser.py[LINE:16 2020-07-31 19:11][get_html] Error receive html https://www.flashscore.com/match/ljzKGMcc
Traceback (most recent call last):
  File "/usr/lib/python3/dist-packages/urllib3/connectionpool.py", line 665, in urlopen
    httplib_response = self._make_request(
  File "/usr/lib/python3/dist-packages/urllib3/connectionpool.py", line 421, in _make_request
    six.raise_from(e, None)
  File "<string>", line 3, in raise_from
  File "/usr/lib/python3/dist-packages/urllib3/connectionpool.py", line 416, in _make_request
    httplib_response = conn.getresponse()
  File "/usr/lib/python3.8/http/client.py", line 1332, in getresponse
    response.begin()
  File "/usr/lib/python3.8/http/client.py", line 303, in begin
    version, status, reason = self._read_status()
  File "/usr/lib/python3.8/http/client.py", line 264, in _read_status
    line = str(self.fp.readline(_MAXLINE + 1), "iso-8859-1")
  File "/usr/lib/python3.8/socket.py", line 669, in readinto
    return self._sock.recv_into(b)
ConnectionResetError: [Errno 104] Connection reset by peer

During handling of the above exception, another exception occurred:

Traceback (most recent call last):
  File "/home/max/Projects/football-stat-scraper/stat_scraper/fs_live_stat_parser.py", line 9, in get_html
    driver = get_driver()
  File "/home/max/Projects/football-stat-scraper/stat_scraper/init_driver.py", line 10, in get_driver
    driver = webdriver.Chrome(options=chrome_options,
  File "/home/max/.local/lib/python3.8/site-packages/selenium/webdriver/chrome/webdriver.py", line 76, in __init__
    RemoteWebDriver.__init__(
  File "/home/max/.local/lib/python3.8/site-packages/selenium/webdriver/remote/webdriver.py", line 157, in __init__
    self.start_session(capabilities, browser_profile)
  File "/home/max/.local/lib/python3.8/site-packages/selenium/webdriver/remote/webdriver.py", line 252, in start_session
    response = self.execute(Command.NEW_SESSION, parameters)
  File "/home/max/.local/lib/python3.8/site-packages/selenium/webdriver/remote/webdriver.py", line 319, in execute
    response = self.command_executor.execute(driver_command, params)
  File "/home/max/.local/lib/python3.8/site-packages/selenium/webdriver/remote/remote_connection.py", line 374, in execute
    return self._request(command_info[0], url, body=data)
  File "/home/max/.local/lib/python3.8/site-packages/selenium/webdriver/remote/remote_connection.py", line 397, in _request
    resp = self._conn.request(method, url, body=body, headers=headers)
  File "/usr/lib/python3/dist-packages/urllib3/request.py", line 79, in request
    return self.request_encode_body(
  File "/usr/lib/python3/dist-packages/urllib3/request.py", line 171, in request_encode_body
    return self.urlopen(method, url, **extra_kw)
  File "/usr/lib/python3/dist-packages/urllib3/poolmanager.py", line 330, in urlopen
    response = conn.urlopen(method, u.request_uri, **kw)
  File "/usr/lib/python3/dist-packages/urllib3/connectionpool.py", line 719, in urlopen
    retries = retries.increment(
  File "/usr/lib/python3/dist-packages/urllib3/util/retry.py", line 400, in increment
    raise six.reraise(type(error), error, _stacktrace)
  File "/usr/lib/python3/dist-packages/six.py", line 702, in reraise
    raise value.with_traceback(tb)
  File "/usr/lib/python3/dist-packages/urllib3/connectionpool.py", line 665, in urlopen
    httplib_response = self._make_request(
  File "/usr/lib/python3/dist-packages/urllib3/connectionpool.py", line 421, in _make_request
    six.raise_from(e, None)
  File "<string>", line 3, in raise_from
  File "/usr/lib/python3/dist-packages/urllib3/connectionpool.py", line 416, in _make_request
    httplib_response = conn.getresponse()
  File "/usr/lib/python3.8/http/client.py", line 1332, in getresponse
    response.begin()
  File "/usr/lib/python3.8/http/client.py", line 303, in begin
    version, status, reason = self._read_status()
  File "/usr/lib/python3.8/http/client.py", line 264, in _read_status
    line = str(self.fp.readline(_MAXLINE + 1), "iso-8859-1")
  File "/usr/lib/python3.8/socket.py", line 669, in readinto
    return self._sock.recv_into(b)
urllib3.exceptions.ProtocolError: ('Connection aborted.', ConnectionResetError(104, 'Connection reset by peer'))
ERROR    speed_run_test.py[LINE:45 2020-07-31 19:11][run_parse] ERROR RUN PARSE ON URL https://www.flashscore.com/match/ljzKGMcc
Traceback (most recent call last):
  File "/home/max/Projects/football-stat-scraper/tests/speed_run_test.py", line 41, in run_parse
    summary_stat.update(get_live_stat(url))
  File "/home/max/Projects/football-stat-scraper/stat_scraper/fs_live_stat_parser.py", line 96, in get_live_stat
    live_stat.update(get_main_stat(url))
  File "/home/max/Projects/football-stat-scraper/stat_scraper/fs_live_stat_parser.py", line 67, in get_main_stat
    html = get_html(url)
  File "/home/max/Projects/football-stat-scraper/stat_scraper/fs_live_stat_parser.py", line 17, in get_html
    return html
UnboundLocalError: local variable 'html' referenced before assignment
ERROR    speed_run_test.py[LINE:45 2020-07-31 19:11][run_parse] ERROR RUN PARSE ON URL https://www.flashscore.com/match/hrg6SJd9
Traceback (most recent call last):
  File "/home/max/Projects/football-stat-scraper/tests/speed_run_test.py", line 41, in run_parse
    summary_stat.update(get_live_stat(url))
  File "/home/max/Projects/football-stat-scraper/stat_scraper/fs_live_stat_parser.py", line 96, in get_live_stat
    live_stat.update(get_main_stat(url))
  File "/home/max/Projects/football-stat-scraper/stat_scraper/fs_live_stat_parser.py", line 67, in get_main_stat
    html = get_html(url)
  File "/home/max/Projects/football-stat-scraper/stat_scraper/fs_live_stat_parser.py", line 17, in get_html
    return html
UnboundLocalError: local variable 'html' referenced before assignment
ERROR    fs_live_stat_parser.py[LINE:16 2020-07-31 19:11][get_html] Error receive html https://www.flashscore.com/match/O4WeC76B
Traceback (most recent call last):
  File "/usr/lib/python3/dist-packages/urllib3/connectionpool.py", line 665, in urlopen
    httplib_response = self._make_request(
  File "/usr/lib/python3/dist-packages/urllib3/connectionpool.py", line 421, in _make_request
    six.raise_from(e, None)
  File "<string>", line 3, in raise_from
  File "/usr/lib/python3/dist-packages/urllib3/connectionpool.py", line 416, in _make_request
    httplib_response = conn.getresponse()
  File "/usr/lib/python3.8/http/client.py", line 1332, in getresponse
    response.begin()
  File "/usr/lib/python3.8/http/client.py", line 303, in begin
    version, status, reason = self._read_status()
  File "/usr/lib/python3.8/http/client.py", line 264, in _read_status
    line = str(self.fp.readline(_MAXLINE + 1), "iso-8859-1")
  File "/usr/lib/python3.8/socket.py", line 669, in readinto
    return self._sock.recv_into(b)
ConnectionResetError: [Errno 104] Connection reset by peer

During handling of the above exception, another exception occurred:

Traceback (most recent call last):
  File "/home/max/Projects/football-stat-scraper/stat_scraper/fs_live_stat_parser.py", line 9, in get_html
    driver = get_driver()
  File "/home/max/Projects/football-stat-scraper/stat_scraper/init_driver.py", line 10, in get_driver
    driver = webdriver.Chrome(options=chrome_options,
  File "/home/max/.local/lib/python3.8/site-packages/selenium/webdriver/chrome/webdriver.py", line 76, in __init__
    RemoteWebDriver.__init__(
  File "/home/max/.local/lib/python3.8/site-packages/selenium/webdriver/remote/webdriver.py", line 157, in __init__
    self.start_session(capabilities, browser_profile)
  File "/home/max/.local/lib/python3.8/site-packages/selenium/webdriver/remote/webdriver.py", line 252, in start_session
    response = self.execute(Command.NEW_SESSION, parameters)
  File "/home/max/.local/lib/python3.8/site-packages/selenium/webdriver/remote/webdriver.py", line 319, in execute
    response = self.command_executor.execute(driver_command, params)
  File "/home/max/.local/lib/python3.8/site-packages/selenium/webdriver/remote/remote_connection.py", line 374, in execute
    return self._request(command_info[0], url, body=data)
  File "/home/max/.local/lib/python3.8/site-packages/selenium/webdriver/remote/remote_connection.py", line 397, in _request
    resp = self._conn.request(method, url, body=body, headers=headers)
  File "/usr/lib/python3/dist-packages/urllib3/request.py", line 79, in request
    return self.request_encode_body(
  File "/usr/lib/python3/dist-packages/urllib3/request.py", line 171, in request_encode_body
    return self.urlopen(method, url, **extra_kw)
  File "/usr/lib/python3/dist-packages/urllib3/poolmanager.py", line 330, in urlopen
    response = conn.urlopen(method, u.request_uri, **kw)
  File "/usr/lib/python3/dist-packages/urllib3/connectionpool.py", line 719, in urlopen
    retries = retries.increment(
  File "/usr/lib/python3/dist-packages/urllib3/util/retry.py", line 400, in increment
    raise six.reraise(type(error), error, _stacktrace)
  File "/usr/lib/python3/dist-packages/six.py", line 702, in reraise
    raise value.with_traceback(tb)
  File "/usr/lib/python3/dist-packages/urllib3/connectionpool.py", line 665, in urlopen
    httplib_response = self._make_request(
  File "/usr/lib/python3/dist-packages/urllib3/connectionpool.py", line 421, in _make_request
    six.raise_from(e, None)
  File "<string>", line 3, in raise_from
  File "/usr/lib/python3/dist-packages/urllib3/connectionpool.py", line 416, in _make_request
    httplib_response = conn.getresponse()
  File "/usr/lib/python3.8/http/client.py", line 1332, in getresponse
    response.begin()
  File "/usr/lib/python3.8/http/client.py", line 303, in begin
    version, status, reason = self._read_status()
  File "/usr/lib/python3.8/http/client.py", line 264, in _read_status
    line = str(self.fp.readline(_MAXLINE + 1), "iso-8859-1")
  File "/usr/lib/python3.8/socket.py", line 669, in readinto
    return self._sock.recv_into(b)
urllib3.exceptions.ProtocolError: ('Connection aborted.', ConnectionResetError(104, 'Connection reset by peer'))
ERROR    speed_run_test.py[LINE:45 2020-07-31 19:11][run_parse] ERROR RUN PARSE ON URL https://www.flashscore.com/match/O4WeC76B
Traceback (most recent call last):
  File "/home/max/Projects/football-stat-scraper/tests/speed_run_test.py", line 41, in run_parse
    summary_stat.update(get_live_stat(url))
  File "/home/max/Projects/football-stat-scraper/stat_scraper/fs_live_stat_parser.py", line 96, in get_live_stat
    live_stat.update(get_main_stat(url))
  File "/home/max/Projects/football-stat-scraper/stat_scraper/fs_live_stat_parser.py", line 67, in get_main_stat
    html = get_html(url)
  File "/home/max/Projects/football-stat-scraper/stat_scraper/fs_live_stat_parser.py", line 17, in get_html
    return html
UnboundLocalError: local variable 'html' referenced before assignment
ERROR    fs_live_stat_parser.py[LINE:16 2020-07-31 19:11][get_html] Error receive html https://www.flashscore.com/match/hrHCG1t0
Traceback (most recent call last):
  File "/usr/lib/python3/dist-packages/urllib3/connectionpool.py", line 665, in urlopen
    httplib_response = self._make_request(
  File "/usr/lib/python3/dist-packages/urllib3/connectionpool.py", line 421, in _make_request
    six.raise_from(e, None)
  File "<string>", line 3, in raise_from
  File "/usr/lib/python3/dist-packages/urllib3/connectionpool.py", line 416, in _make_request
    httplib_response = conn.getresponse()
  File "/usr/lib/python3.8/http/client.py", line 1332, in getresponse
    response.begin()
  File "/usr/lib/python3.8/http/client.py", line 303, in begin
    version, status, reason = self._read_status()
  File "/usr/lib/python3.8/http/client.py", line 264, in _read_status
    line = str(self.fp.readline(_MAXLINE + 1), "iso-8859-1")
  File "/usr/lib/python3.8/socket.py", line 669, in readinto
    return self._sock.recv_into(b)
ConnectionResetError: [Errno 104] Connection reset by peer

During handling of the above exception, another exception occurred:

Traceback (most recent call last):
  File "/home/max/Projects/football-stat-scraper/stat_scraper/fs_live_stat_parser.py", line 9, in get_html
    driver = get_driver()
  File "/home/max/Projects/football-stat-scraper/stat_scraper/init_driver.py", line 10, in get_driver
    driver = webdriver.Chrome(options=chrome_options,
  File "/home/max/.local/lib/python3.8/site-packages/selenium/webdriver/chrome/webdriver.py", line 76, in __init__
    RemoteWebDriver.__init__(
  File "/home/max/.local/lib/python3.8/site-packages/selenium/webdriver/remote/webdriver.py", line 157, in __init__
    self.start_session(capabilities, browser_profile)
  File "/home/max/.local/lib/python3.8/site-packages/selenium/webdriver/remote/webdriver.py", line 252, in start_session
    response = self.execute(Command.NEW_SESSION, parameters)
  File "/home/max/.local/lib/python3.8/site-packages/selenium/webdriver/remote/webdriver.py", line 319, in execute
    response = self.command_executor.execute(driver_command, params)
  File "/home/max/.local/lib/python3.8/site-packages/selenium/webdriver/remote/remote_connection.py", line 374, in execute
    return self._request(command_info[0], url, body=data)
  File "/home/max/.local/lib/python3.8/site-packages/selenium/webdriver/remote/remote_connection.py", line 397, in _request
    resp = self._conn.request(method, url, body=body, headers=headers)
  File "/usr/lib/python3/dist-packages/urllib3/request.py", line 79, in request
    return self.request_encode_body(
  File "/usr/lib/python3/dist-packages/urllib3/request.py", line 171, in request_encode_body
    return self.urlopen(method, url, **extra_kw)
  File "/usr/lib/python3/dist-packages/urllib3/poolmanager.py", line 330, in urlopen
    response = conn.urlopen(method, u.request_uri, **kw)
  File "/usr/lib/python3/dist-packages/urllib3/connectionpool.py", line 719, in urlopen
    retries = retries.increment(
  File "/usr/lib/python3/dist-packages/urllib3/util/retry.py", line 400, in increment
    raise six.reraise(type(error), error, _stacktrace)
  File "/usr/lib/python3/dist-packages/six.py", line 702, in reraise
    raise value.with_traceback(tb)
  File "/usr/lib/python3/dist-packages/urllib3/connectionpool.py", line 665, in urlopen
    httplib_response = self._make_request(
  File "/usr/lib/python3/dist-packages/urllib3/connectionpool.py", line 421, in _make_request
    six.raise_from(e, None)
  File "<string>", line 3, in raise_from
  File "/usr/lib/python3/dist-packages/urllib3/connectionpool.py", line 416, in _make_request
    httplib_response = conn.getresponse()
  File "/usr/lib/python3.8/http/client.py", line 1332, in getresponse
    response.begin()
  File "/usr/lib/python3.8/http/client.py", line 303, in begin
    version, status, reason = self._read_status()
  File "/usr/lib/python3.8/http/client.py", line 264, in _read_status
    line = str(self.fp.readline(_MAXLINE + 1), "iso-8859-1")
  File "/usr/lib/python3.8/socket.py", line 669, in readinto
    return self._sock.recv_into(b)
urllib3.exceptions.ProtocolError: ('Connection aborted.', ConnectionResetError(104, 'Connection reset by peer'))
ERROR    speed_run_test.py[LINE:45 2020-07-31 19:11][run_parse] ERROR RUN PARSE ON URL https://www.flashscore.com/match/hrHCG1t0
Traceback (most recent call last):
  File "/home/max/Projects/football-stat-scraper/tests/speed_run_test.py", line 41, in run_parse
    summary_stat.update(get_live_stat(url))
  File "/home/max/Projects/football-stat-scraper/stat_scraper/fs_live_stat_parser.py", line 96, in get_live_stat
    live_stat.update(get_main_stat(url))
  File "/home/max/Projects/football-stat-scraper/stat_scraper/fs_live_stat_parser.py", line 67, in get_main_stat
    html = get_html(url)
  File "/home/max/Projects/football-stat-scraper/stat_scraper/fs_live_stat_parser.py", line 17, in get_html
    return html
UnboundLocalError: local variable 'html' referenced before assignment
ERROR    fs_live_stat_parser.py[LINE:16 2020-07-31 19:11][get_html] Error receive html https://www.flashscore.com/match/8UDtKe4k
Traceback (most recent call last):
  File "/usr/lib/python3/dist-packages/urllib3/connectionpool.py", line 665, in urlopen
    httplib_response = self._make_request(
  File "/usr/lib/python3/dist-packages/urllib3/connectionpool.py", line 421, in _make_request
    six.raise_from(e, None)
  File "<string>", line 3, in raise_from
  File "/usr/lib/python3/dist-packages/urllib3/connectionpool.py", line 416, in _make_request
    httplib_response = conn.getresponse()
  File "/usr/lib/python3.8/http/client.py", line 1332, in getresponse
    response.begin()
  File "/usr/lib/python3.8/http/client.py", line 303, in begin
    version, status, reason = self._read_status()
  File "/usr/lib/python3.8/http/client.py", line 264, in _read_status
    line = str(self.fp.readline(_MAXLINE + 1), "iso-8859-1")
  File "/usr/lib/python3.8/socket.py", line 669, in readinto
    return self._sock.recv_into(b)
ConnectionResetError: [Errno 104] Connection reset by peer

During handling of the above exception, another exception occurred:

Traceback (most recent call last):
  File "/home/max/Projects/football-stat-scraper/stat_scraper/fs_live_stat_parser.py", line 9, in get_html
    driver = get_driver()
  File "/home/max/Projects/football-stat-scraper/stat_scraper/init_driver.py", line 10, in get_driver
    driver = webdriver.Chrome(options=chrome_options,
  File "/home/max/.local/lib/python3.8/site-packages/selenium/webdriver/chrome/webdriver.py", line 76, in __init__
    RemoteWebDriver.__init__(
  File "/home/max/.local/lib/python3.8/site-packages/selenium/webdriver/remote/webdriver.py", line 157, in __init__
    self.start_session(capabilities, browser_profile)
  File "/home/max/.local/lib/python3.8/site-packages/selenium/webdriver/remote/webdriver.py", line 252, in start_session
    response = self.execute(Command.NEW_SESSION, parameters)
  File "/home/max/.local/lib/python3.8/site-packages/selenium/webdriver/remote/webdriver.py", line 319, in execute
    response = self.command_executor.execute(driver_command, params)
  File "/home/max/.local/lib/python3.8/site-packages/selenium/webdriver/remote/remote_connection.py", line 374, in execute
    return self._request(command_info[0], url, body=data)
  File "/home/max/.local/lib/python3.8/site-packages/selenium/webdriver/remote/remote_connection.py", line 397, in _request
    resp = self._conn.request(method, url, body=body, headers=headers)
  File "/usr/lib/python3/dist-packages/urllib3/request.py", line 79, in request
    return self.request_encode_body(
  File "/usr/lib/python3/dist-packages/urllib3/request.py", line 171, in request_encode_body
    return self.urlopen(method, url, **extra_kw)
  File "/usr/lib/python3/dist-packages/urllib3/poolmanager.py", line 330, in urlopen
    response = conn.urlopen(method, u.request_uri, **kw)
  File "/usr/lib/python3/dist-packages/urllib3/connectionpool.py", line 719, in urlopen
    retries = retries.increment(
  File "/usr/lib/python3/dist-packages/urllib3/util/retry.py", line 400, in increment
    raise six.reraise(type(error), error, _stacktrace)
  File "/usr/lib/python3/dist-packages/six.py", line 702, in reraise
    raise value.with_traceback(tb)
  File "/usr/lib/python3/dist-packages/urllib3/connectionpool.py", line 665, in urlopen
    httplib_response = self._make_request(
  File "/usr/lib/python3/dist-packages/urllib3/connectionpool.py", line 421, in _make_request
    six.raise_from(e, None)
  File "<string>", line 3, in raise_from
  File "/usr/lib/python3/dist-packages/urllib3/connectionpool.py", line 416, in _make_request
    httplib_response = conn.getresponse()
  File "/usr/lib/python3.8/http/client.py", line 1332, in getresponse
    response.begin()
  File "/usr/lib/python3.8/http/client.py", line 303, in begin
    version, status, reason = self._read_status()
  File "/usr/lib/python3.8/http/client.py", line 264, in _read_status
    line = str(self.fp.readline(_MAXLINE + 1), "iso-8859-1")
  File "/usr/lib/python3.8/socket.py", line 669, in readinto
    return self._sock.recv_into(b)
urllib3.exceptions.ProtocolError: ('Connection aborted.', ConnectionResetError(104, 'Connection reset by peer'))
ERROR    speed_run_test.py[LINE:45 2020-07-31 19:11][run_parse] ERROR RUN PARSE ON URL https://www.flashscore.com/match/8UDtKe4k
Traceback (most recent call last):
  File "/home/max/Projects/football-stat-scraper/tests/speed_run_test.py", line 41, in run_parse
    summary_stat.update(get_live_stat(url))
  File "/home/max/Projects/football-stat-scraper/stat_scraper/fs_live_stat_parser.py", line 96, in get_live_stat
    live_stat.update(get_main_stat(url))
  File "/home/max/Projects/football-stat-scraper/stat_scraper/fs_live_stat_parser.py", line 67, in get_main_stat
    html = get_html(url)
  File "/home/max/Projects/football-stat-scraper/stat_scraper/fs_live_stat_parser.py", line 17, in get_html
    return html
UnboundLocalError: local variable 'html' referenced before assignment
ERROR    fs_live_stat_parser.py[LINE:16 2020-07-31 19:11][get_html] Error receive html https://www.flashscore.com/match/YwMuCbCS
Traceback (most recent call last):
  File "/home/max/Projects/football-stat-scraper/stat_scraper/fs_live_stat_parser.py", line 9, in get_html
    driver = get_driver()
  File "/home/max/Projects/football-stat-scraper/stat_scraper/init_driver.py", line 10, in get_driver
    driver = webdriver.Chrome(options=chrome_options,
  File "/home/max/.local/lib/python3.8/site-packages/selenium/webdriver/chrome/webdriver.py", line 73, in __init__
    self.service.start()
  File "/home/max/.local/lib/python3.8/site-packages/selenium/webdriver/common/service.py", line 98, in start
    self.assert_process_still_running()
  File "/home/max/.local/lib/python3.8/site-packages/selenium/webdriver/common/service.py", line 109, in assert_process_still_running
    raise WebDriverException(
selenium.common.exceptions.WebDriverException: Message: Service ./chromedriver unexpectedly exited. Status code was: 1

ERROR    speed_run_test.py[LINE:45 2020-07-31 19:11][run_parse] ERROR RUN PARSE ON URL https://www.flashscore.com/match/YwMuCbCS
Traceback (most recent call last):
  File "/home/max/Projects/football-stat-scraper/tests/speed_run_test.py", line 41, in run_parse
    summary_stat.update(get_live_stat(url))
  File "/home/max/Projects/football-stat-scraper/stat_scraper/fs_live_stat_parser.py", line 96, in get_live_stat
    live_stat.update(get_main_stat(url))
  File "/home/max/Projects/football-stat-scraper/stat_scraper/fs_live_stat_parser.py", line 67, in get_main_stat
    html = get_html(url)
  File "/home/max/Projects/football-stat-scraper/stat_scraper/fs_live_stat_parser.py", line 17, in get_html
    return html
UnboundLocalError: local variable 'html' referenced before assignment
ERROR    fs_live_stat_parser.py[LINE:16 2020-07-31 19:11][get_html] Error receive html https://www.flashscore.com/match/SEOODaQI
Traceback (most recent call last):
  File "/home/max/Projects/football-stat-scraper/stat_scraper/fs_live_stat_parser.py", line 9, in get_html
    driver = get_driver()
  File "/home/max/Projects/football-stat-scraper/stat_scraper/init_driver.py", line 10, in get_driver
    driver = webdriver.Chrome(options=chrome_options,
  File "/home/max/.local/lib/python3.8/site-packages/selenium/webdriver/chrome/webdriver.py", line 73, in __init__
    self.service.start()
  File "/home/max/.local/lib/python3.8/site-packages/selenium/webdriver/common/service.py", line 98, in start
    self.assert_process_still_running()
  File "/home/max/.local/lib/python3.8/site-packages/selenium/webdriver/common/service.py", line 109, in assert_process_still_running
    raise WebDriverException(
selenium.common.exceptions.WebDriverException: Message: Service ./chromedriver unexpectedly exited. Status code was: 1

ERROR    speed_run_test.py[LINE:45 2020-07-31 19:11][run_parse] ERROR RUN PARSE ON URL https://www.flashscore.com/match/SEOODaQI
Traceback (most recent call last):
  File "/home/max/Projects/football-stat-scraper/tests/speed_run_test.py", line 41, in run_parse
    summary_stat.update(get_live_stat(url))
  File "/home/max/Projects/football-stat-scraper/stat_scraper/fs_live_stat_parser.py", line 96, in get_live_stat
    live_stat.update(get_main_stat(url))
  File "/home/max/Projects/football-stat-scraper/stat_scraper/fs_live_stat_parser.py", line 67, in get_main_stat
    html = get_html(url)
  File "/home/max/Projects/football-stat-scraper/stat_scraper/fs_live_stat_parser.py", line 17, in get_html
    return html
UnboundLocalError: local variable 'html' referenced before assignment
INFO     fs_live_stat_parser.py[LINE:14 2020-07-31 19:11][get_html] Received html https://www.flashscore.com/match/xAmboY2l

INFO     fs_live_stat_parser.py[LINE:14 2020-07-31 19:11][get_html] Received html https://www.flashscore.com/match/hvsPetNN

INFO     fs_live_stat_parser.py[LINE:69 2020-07-31 19:11][get_main_stat] Start parsing MAIN stat for https://www.flashscore.com/match/xAmboY2l

INFO     fs_live_stat_parser.py[LINE:14 2020-07-31 19:11][get_html] Received html https://www.flashscore.com/match/KQ4nDshb

INFO     fs_live_stat_parser.py[LINE:69 2020-07-31 19:11][get_main_stat] Start parsing MAIN stat for https://www.flashscore.com/match/hvsPetNN

INFO     fs_live_stat_parser.py[LINE:14 2020-07-31 19:11][get_html] Received html https://www.flashscore.com/match/ph2toP85

INFO     fs_live_stat_parser.py[LINE:69 2020-07-31 19:11][get_main_stat] Start parsing MAIN stat for https://www.flashscore.com/match/KQ4nDshb

INFO     fs_live_stat_parser.py[LINE:14 2020-07-31 19:11][get_html] Received html https://www.flashscore.com/match/EXgcss8U

INFO     fs_live_stat_parser.py[LINE:14 2020-07-31 19:11][get_html] Received html https://www.flashscore.com/match/ObBwF3No

INFO     fs_live_stat_parser.py[LINE:14 2020-07-31 19:11][get_html] Received html https://www.flashscore.com/match/vZ7NizQK

INFO     fs_live_stat_parser.py[LINE:14 2020-07-31 19:11][get_html] Received html https://www.flashscore.com/match/WWn2phIf

INFO     fs_live_stat_parser.py[LINE:69 2020-07-31 19:11][get_main_stat] Start parsing MAIN stat for https://www.flashscore.com/match/ObBwF3No

INFO     fs_live_stat_parser.py[LINE:69 2020-07-31 19:11][get_main_stat] Start parsing MAIN stat for https://www.flashscore.com/match/ph2toP85

INFO     fs_live_stat_parser.py[LINE:69 2020-07-31 19:11][get_main_stat] Start parsing MAIN stat for https://www.flashscore.com/match/EXgcss8U

INFO     fs_live_stat_parser.py[LINE:14 2020-07-31 19:11][get_html] Received html https://www.flashscore.com/match/6NvDbrw5

INFO     fs_live_stat_parser.py[LINE:69 2020-07-31 19:11][get_main_stat] Start parsing MAIN stat for https://www.flashscore.com/match/vZ7NizQK

INFO     fs_live_stat_parser.py[LINE:69 2020-07-31 19:11][get_main_stat] Start parsing MAIN stat for https://www.flashscore.com/match/WWn2phIf

INFO     fs_live_stat_parser.py[LINE:14 2020-07-31 19:11][get_html] Received html https://www.flashscore.com/match/6s7bAuxH

INFO     fs_live_stat_parser.py[LINE:14 2020-07-31 19:11][get_html] Received html https://www.flashscore.com/match/2kAsENxh

INFO     fs_live_stat_parser.py[LINE:69 2020-07-31 19:11][get_main_stat] Start parsing MAIN stat for https://www.flashscore.com/match/6NvDbrw5

INFO     fs_live_stat_parser.py[LINE:14 2020-07-31 19:11][get_html] Received html https://www.flashscore.com/match/bH3jC174

INFO     fs_live_stat_parser.py[LINE:14 2020-07-31 19:11][get_html] Received html https://www.flashscore.com/match/Sde78J6T

INFO     fs_live_stat_parser.py[LINE:14 2020-07-31 19:11][get_html] Received html https://www.flashscore.com/match/pCnlwyBR

INFO     fs_live_stat_parser.py[LINE:69 2020-07-31 19:11][get_main_stat] Start parsing MAIN stat for https://www.flashscore.com/match/2kAsENxh

INFO     fs_live_stat_parser.py[LINE:69 2020-07-31 19:11][get_main_stat] Start parsing MAIN stat for https://www.flashscore.com/match/6s7bAuxH

INFO     fs_live_stat_parser.py[LINE:69 2020-07-31 19:11][get_main_stat] Start parsing MAIN stat for https://www.flashscore.com/match/pCnlwyBR

INFO     fs_live_stat_parser.py[LINE:69 2020-07-31 19:11][get_main_stat] Start parsing MAIN stat for https://www.flashscore.com/match/Sde78J6T

INFO     fs_live_stat_parser.py[LINE:69 2020-07-31 19:11][get_main_stat] Start parsing MAIN stat for https://www.flashscore.com/match/bH3jC174

INFO     fs_live_stat_parser.py[LINE:14 2020-07-31 19:11][get_html] Received html https://www.flashscore.com/match/hv3fBLMA

INFO     fs_live_stat_parser.py[LINE:14 2020-07-31 19:11][get_html] Received html https://www.flashscore.com/match/AeNejKpo

INFO     fs_live_stat_parser.py[LINE:14 2020-07-31 19:11][get_html] Received html https://www.flashscore.com/match/SGiopqOB

INFO     fs_live_stat_parser.py[LINE:14 2020-07-31 19:11][get_html] Received html https://www.flashscore.com/match/xrmd2Qwt

INFO     fs_live_stat_parser.py[LINE:69 2020-07-31 19:11][get_main_stat] Start parsing MAIN stat for https://www.flashscore.com/match/AeNejKpo

INFO     fs_live_stat_parser.py[LINE:14 2020-07-31 19:11][get_html] Received html https://www.flashscore.com/match/by0UmROn

INFO     fs_live_stat_parser.py[LINE:69 2020-07-31 19:11][get_main_stat] Start parsing MAIN stat for https://www.flashscore.com/match/hv3fBLMA

INFO     fs_live_stat_parser.py[LINE:14 2020-07-31 19:11][get_html] Received html https://www.flashscore.com/match/C2xXOviA

INFO     fs_live_stat_parser.py[LINE:14 2020-07-31 19:11][get_html] Received html https://www.flashscore.com/match/4MCB6xzj

INFO     fs_live_stat_parser.py[LINE:14 2020-07-31 19:11][get_html] Received html https://www.flashscore.com/match/GYo01pgn

INFO     fs_live_stat_parser.py[LINE:14 2020-07-31 19:11][get_html] Received html https://www.flashscore.com/match/SbtBrWn7

INFO     fs_live_stat_parser.py[LINE:69 2020-07-31 19:11][get_main_stat] Start parsing MAIN stat for https://www.flashscore.com/match/SGiopqOB

INFO     fs_live_stat_parser.py[LINE:14 2020-07-31 19:11][get_html] Received html https://www.flashscore.com/match/IP6RjfuR

INFO     fs_live_stat_parser.py[LINE:14 2020-07-31 19:11][get_html] Received html https://www.flashscore.com/match/pID4INBm

INFO     fs_live_stat_parser.py[LINE:14 2020-07-31 19:11][get_html] Received html https://www.flashscore.com/match/l6d39aiN

INFO     fs_live_stat_parser.py[LINE:14 2020-07-31 19:11][get_html] Received html https://www.flashscore.com/match/613xn5ga

INFO     fs_live_stat_parser.py[LINE:14 2020-07-31 19:11][get_html] Received html https://www.flashscore.com/match/pjcY3wFp

INFO     fs_live_stat_parser.py[LINE:69 2020-07-31 19:11][get_main_stat] Start parsing MAIN stat for https://www.flashscore.com/match/xrmd2Qwt

INFO     fs_live_stat_parser.py[LINE:14 2020-07-31 19:11][get_html] Received html https://www.flashscore.com/match/xpMBHdqp

INFO     fs_live_stat_parser.py[LINE:14 2020-07-31 19:11][get_html] Received html https://www.flashscore.com/match/YiPKEuBC

INFO     fs_live_stat_parser.py[LINE:69 2020-07-31 19:11][get_main_stat] Start parsing MAIN stat for https://www.flashscore.com/match/C2xXOviA

INFO     fs_live_stat_parser.py[LINE:14 2020-07-31 19:11][get_html] Received html https://www.flashscore.com/match/pEwHc2hB

INFO     fs_live_stat_parser.py[LINE:14 2020-07-31 19:11][get_html] Received html https://www.flashscore.com/match/tKekq3wI

INFO     fs_live_stat_parser.py[LINE:14 2020-07-31 19:11][get_html] Received html https://www.flashscore.com/match/z3WTf0xU

INFO     fs_live_stat_parser.py[LINE:69 2020-07-31 19:11][get_main_stat] Start parsing MAIN stat for https://www.flashscore.com/match/4MCB6xzj

INFO     fs_live_stat_parser.py[LINE:69 2020-07-31 19:11][get_main_stat] Start parsing MAIN stat for https://www.flashscore.com/match/by0UmROn

INFO     fs_live_stat_parser.py[LINE:14 2020-07-31 19:11][get_html] Received html https://www.flashscore.com/match/UwXyOb6G

INFO     fs_live_stat_parser.py[LINE:14 2020-07-31 19:11][get_html] Received html https://www.flashscore.com/match/YBwTPKy4

INFO     fs_live_stat_parser.py[LINE:14 2020-07-31 19:11][get_html] Received html https://www.flashscore.com/match/zsegrNhO

INFO     fs_live_stat_parser.py[LINE:14 2020-07-31 19:11][get_html] Received html https://www.flashscore.com/match/65NSCJuP

INFO     fs_live_stat_parser.py[LINE:69 2020-07-31 19:11][get_main_stat] Start parsing MAIN stat for https://www.flashscore.com/match/GYo01pgn

INFO     fs_live_stat_parser.py[LINE:14 2020-07-31 19:11][get_html] Received html https://www.flashscore.com/match/pjg9LBqP

INFO     fs_live_stat_parser.py[LINE:14 2020-07-31 19:11][get_html] Received html https://www.flashscore.com/match/Obk8aONb

INFO     fs_live_stat_parser.py[LINE:14 2020-07-31 19:11][get_html] Received html https://www.flashscore.com/match/Otdx3cUj

INFO     fs_live_stat_parser.py[LINE:14 2020-07-31 19:11][get_html] Received html https://www.flashscore.com/match/vuTWDKsG

INFO     fs_live_stat_parser.py[LINE:14 2020-07-31 19:11][get_html] Received html https://www.flashscore.com/match/GvXiDmi5

INFO     fs_live_stat_parser.py[LINE:14 2020-07-31 19:11][get_html] Received html https://www.flashscore.com/match/EmrLdM7H

INFO     fs_live_stat_parser.py[LINE:14 2020-07-31 19:11][get_html] Received html https://www.flashscore.com/match/QozLRt7i

INFO     fs_live_stat_parser.py[LINE:14 2020-07-31 19:11][get_html] Received html https://www.flashscore.com/match/8UVuNILM

INFO     fs_live_stat_parser.py[LINE:14 2020-07-31 19:11][get_html] Received html https://www.flashscore.com/match/ddmYhJ5j

INFO     fs_live_stat_parser.py[LINE:69 2020-07-31 19:11][get_main_stat] Start parsing MAIN stat for https://www.flashscore.com/match/xpMBHdqp

INFO     fs_live_stat_parser.py[LINE:14 2020-07-31 19:11][get_html] Received html https://www.flashscore.com/match/tMvuGk7n

INFO     fs_live_stat_parser.py[LINE:69 2020-07-31 19:11][get_main_stat] Start parsing MAIN stat for https://www.flashscore.com/match/SbtBrWn7

INFO     fs_live_stat_parser.py[LINE:14 2020-07-31 19:11][get_html] Received html https://www.flashscore.com/match/jFWzDvcM

INFO     fs_live_stat_parser.py[LINE:14 2020-07-31 19:11][get_html] Received html https://www.flashscore.com/match/bLg2Tas3

INFO     fs_live_stat_parser.py[LINE:69 2020-07-31 19:11][get_main_stat] Start parsing MAIN stat for https://www.flashscore.com/match/zsegrNhO

INFO     fs_live_stat_parser.py[LINE:69 2020-07-31 19:11][get_main_stat] Start parsing MAIN stat for https://www.flashscore.com/match/pjcY3wFp

INFO     fs_live_stat_parser.py[LINE:14 2020-07-31 19:11][get_html] Received html https://www.flashscore.com/match/GCAPl79t

INFO     fs_live_stat_parser.py[LINE:69 2020-07-31 19:11][get_main_stat] Start parsing MAIN stat for https://www.flashscore.com/match/z3WTf0xU

INFO     fs_live_stat_parser.py[LINE:14 2020-07-31 19:11][get_html] Received html https://www.flashscore.com/match/nLYFYfJr

INFO     fs_live_stat_parser.py[LINE:14 2020-07-31 19:11][get_html] Received html https://www.flashscore.com/match/W88JhGAE

INFO     fs_live_stat_parser.py[LINE:69 2020-07-31 19:11][get_main_stat] Start parsing MAIN stat for https://www.flashscore.com/match/l6d39aiN

INFO     fs_live_stat_parser.py[LINE:14 2020-07-31 19:11][get_html] Received html https://www.flashscore.com/match/Aeo4048h

INFO     fs_live_stat_parser.py[LINE:14 2020-07-31 19:11][get_html] Received html https://www.flashscore.com/match/jkmpvHeL

INFO     fs_live_stat_parser.py[LINE:14 2020-07-31 19:11][get_html] Received html https://www.flashscore.com/match/pIkbUuSd

INFO     fs_live_stat_parser.py[LINE:14 2020-07-31 19:11][get_html] Received html https://www.flashscore.com/match/vkvPQ0Mc

INFO     fs_live_stat_parser.py[LINE:14 2020-07-31 19:11][get_html] Received html https://www.flashscore.com/match/beO6QcRL

INFO     fs_live_stat_parser.py[LINE:69 2020-07-31 19:11][get_main_stat] Start parsing MAIN stat for https://www.flashscore.com/match/IP6RjfuR

INFO     fs_live_stat_parser.py[LINE:14 2020-07-31 19:11][get_html] Received html https://www.flashscore.com/match/IaeXtJB2

INFO     fs_live_stat_parser.py[LINE:14 2020-07-31 19:11][get_html] Received html https://www.flashscore.com/match/xARSVh31

INFO     fs_live_stat_parser.py[LINE:14 2020-07-31 19:11][get_html] Received html https://www.flashscore.com/match/WYiARwCF

INFO     fs_live_stat_parser.py[LINE:69 2020-07-31 19:11][get_main_stat] Start parsing MAIN stat for https://www.flashscore.com/match/pID4INBm

INFO     fs_live_stat_parser.py[LINE:14 2020-07-31 19:11][get_html] Received html https://www.flashscore.com/match/pITSE0S9

INFO     fs_live_stat_parser.py[LINE:14 2020-07-31 19:11][get_html] Received html https://www.flashscore.com/match/xSbYnovg

INFO     fs_live_stat_parser.py[LINE:14 2020-07-31 19:11][get_html] Received html https://www.flashscore.com/match/hI9Fgde8

INFO     fs_live_stat_parser.py[LINE:14 2020-07-31 19:11][get_html] Received html https://www.flashscore.com/match/djfytwR8

INFO     fs_live_stat_parser.py[LINE:14 2020-07-31 19:11][get_html] Received html https://www.flashscore.com/match/4dTKXEYl

INFO     fs_live_stat_parser.py[LINE:14 2020-07-31 19:11][get_html] Received html https://www.flashscore.com/match/rgqUgajp

INFO     fs_live_stat_parser.py[LINE:14 2020-07-31 19:11][get_html] Received html https://www.flashscore.com/match/nauyHVit

INFO     fs_live_stat_parser.py[LINE:14 2020-07-31 19:11][get_html] Received html https://www.flashscore.com/match/z76HFLe6

INFO     fs_live_stat_parser.py[LINE:14 2020-07-31 19:11][get_html] Received html https://www.flashscore.com/match/vFqtuctF

INFO     fs_live_stat_parser.py[LINE:14 2020-07-31 19:11][get_html] Received html https://www.flashscore.com/match/baAKFzEd

INFO     fs_live_stat_parser.py[LINE:69 2020-07-31 19:11][get_main_stat] Start parsing MAIN stat for https://www.flashscore.com/match/YiPKEuBC

INFO     fs_live_stat_parser.py[LINE:14 2020-07-31 19:11][get_html] Received html https://www.flashscore.com/match/zm877IKq

INFO     fs_live_stat_parser.py[LINE:14 2020-07-31 19:11][get_html] Received html https://www.flashscore.com/match/rmSOWYme

INFO     fs_live_stat_parser.py[LINE:14 2020-07-31 19:11][get_html] Received html https://www.flashscore.com/match/ANo6qCX0

INFO     fs_live_stat_parser.py[LINE:14 2020-07-31 19:11][get_html] Received html https://www.flashscore.com/match/6RUOFtD3

INFO     fs_live_stat_parser.py[LINE:14 2020-07-31 19:11][get_html] Received html https://www.flashscore.com/match/AayGH2ri

INFO     fs_live_stat_parser.py[LINE:14 2020-07-31 19:11][get_html] Received html https://www.flashscore.com/match/xnNAPHtS

INFO     fs_live_stat_parser.py[LINE:14 2020-07-31 19:11][get_html] Received html https://www.flashscore.com/match/boXLGhNG

INFO     fs_live_stat_parser.py[LINE:14 2020-07-31 19:11][get_html] Received html https://www.flashscore.com/match/O6qfnEmr

INFO     fs_live_stat_parser.py[LINE:14 2020-07-31 19:11][get_html] Received html https://www.flashscore.com/match/2iVqMxyT

INFO     fs_live_stat_parser.py[LINE:14 2020-07-31 19:11][get_html] Received html https://www.flashscore.com/match/jDVWUCI7

INFO     fs_live_stat_parser.py[LINE:14 2020-07-31 19:11][get_html] Received html https://www.flashscore.com/match/K8BGGGbj

INFO     fs_live_stat_parser.py[LINE:14 2020-07-31 19:11][get_html] Received html https://www.flashscore.com/match/h2DjhRcr

INFO     fs_live_stat_parser.py[LINE:14 2020-07-31 19:11][get_html] Received html https://www.flashscore.com/match/nF32vKjc

INFO     fs_live_stat_parser.py[LINE:14 2020-07-31 19:11][get_html] Received html https://www.flashscore.com/match/Uq2kIZY1

INFO     fs_live_stat_parser.py[LINE:14 2020-07-31 19:11][get_html] Received html https://www.flashscore.com/match/rDBF5dkd

INFO     fs_live_stat_parser.py[LINE:69 2020-07-31 19:11][get_main_stat] Start parsing MAIN stat for https://www.flashscore.com/match/tKekq3wI

INFO     fs_live_stat_parser.py[LINE:14 2020-07-31 19:11][get_html] Received html https://www.flashscore.com/match/jg3oJFJe

INFO     fs_live_stat_parser.py[LINE:14 2020-07-31 19:11][get_html] Received html https://www.flashscore.com/match/6kuFsj2D

INFO     fs_live_stat_parser.py[LINE:14 2020-07-31 19:11][get_html] Received html https://www.flashscore.com/match/I7wEv8Tr

INFO     fs_live_stat_parser.py[LINE:14 2020-07-31 19:11][get_html] Received html https://www.flashscore.com/match/KhTd6ZvE

INFO     fs_live_stat_parser.py[LINE:69 2020-07-31 19:11][get_main_stat] Start parsing MAIN stat for https://www.flashscore.com/match/65NSCJuP

INFO     fs_live_stat_parser.py[LINE:69 2020-07-31 19:11][get_main_stat] Start parsing MAIN stat for https://www.flashscore.com/match/pEwHc2hB

INFO     fs_live_stat_parser.py[LINE:14 2020-07-31 19:11][get_html] Received html https://www.flashscore.com/match/xAmboY2l#match-statistics;1

INFO     fs_live_stat_parser.py[LINE:69 2020-07-31 19:11][get_main_stat] Start parsing MAIN stat for https://www.flashscore.com/match/pjg9LBqP

INFO     fs_live_stat_parser.py[LINE:69 2020-07-31 19:11][get_main_stat] Start parsing MAIN stat for https://www.flashscore.com/match/613xn5ga

INFO     fs_live_stat_parser.py[LINE:69 2020-07-31 19:11][get_main_stat] Start parsing MAIN stat for https://www.flashscore.com/match/Otdx3cUj

INFO     fs_live_stat_parser.py[LINE:14 2020-07-31 19:11][get_html] Received html https://www.flashscore.com/match/KQ4nDshb#match-statistics;1

INFO     fs_live_stat_parser.py[LINE:69 2020-07-31 19:11][get_main_stat] Start parsing MAIN stat for https://www.flashscore.com/match/bLg2Tas3

INFO     fs_live_stat_parser.py[LINE:14 2020-07-31 19:11][get_html] Received html https://www.flashscore.com/match/WWn2phIf#match-statistics;1

INFO     fs_live_stat_parser.py[LINE:69 2020-07-31 19:11][get_main_stat] Start parsing MAIN stat for https://www.flashscore.com/match/YBwTPKy4

INFO     fs_live_stat_parser.py[LINE:69 2020-07-31 19:11][get_main_stat] Start parsing MAIN stat for https://www.flashscore.com/match/8UVuNILM

INFO     fs_live_stat_parser.py[LINE:14 2020-07-31 19:11][get_html] Received html https://www.flashscore.com/match/hvsPetNN#match-statistics;1

INFO     fs_live_stat_parser.py[LINE:69 2020-07-31 19:11][get_main_stat] Start parsing MAIN stat for https://www.flashscore.com/match/jFWzDvcM

INFO     fs_live_stat_parser.py[LINE:14 2020-07-31 19:11][get_html] Received html https://www.flashscore.com/match/ph2toP85#match-statistics;1

INFO     fs_live_stat_parser.py[LINE:14 2020-07-31 19:11][get_html] Received html https://www.flashscore.com/match/EXgcss8U#match-statistics;1

INFO     fs_live_stat_parser.py[LINE:14 2020-07-31 19:11][get_html] Received html https://www.flashscore.com/match/vZ7NizQK#match-statistics;1

INFO     fs_live_stat_parser.py[LINE:69 2020-07-31 19:12][get_main_stat] Start parsing MAIN stat for https://www.flashscore.com/match/IaeXtJB2

INFO     fs_live_stat_parser.py[LINE:14 2020-07-31 19:12][get_html] Received html https://www.flashscore.com/match/6NvDbrw5#match-statistics;1

INFO     fs_live_stat_parser.py[LINE:69 2020-07-31 19:12][get_main_stat] Start parsing MAIN stat for https://www.flashscore.com/match/jkmpvHeL

INFO     fs_live_stat_parser.py[LINE:14 2020-07-31 19:12][get_html] Received html https://www.flashscore.com/match/ObBwF3No#match-statistics;1

INFO     fs_live_stat_parser.py[LINE:14 2020-07-31 19:12][get_html] Received html https://www.flashscore.com/match/2kAsENxh#match-statistics;1

INFO     fs_live_stat_parser.py[LINE:14 2020-07-31 19:12][get_html] Received html https://www.flashscore.com/match/pCnlwyBR#match-statistics;1

INFO     fs_live_stat_parser.py[LINE:14 2020-07-31 19:12][get_html] Received html https://www.flashscore.com/match/Sde78J6T#match-statistics;1

INFO     fs_live_stat_parser.py[LINE:69 2020-07-31 19:12][get_main_stat] Start parsing MAIN stat for https://www.flashscore.com/match/UwXyOb6G

INFO     fs_live_stat_parser.py[LINE:14 2020-07-31 19:12][get_html] Received html https://www.flashscore.com/match/6s7bAuxH#match-statistics;1

INFO     fs_live_stat_parser.py[LINE:69 2020-07-31 19:12][get_main_stat] Start parsing MAIN stat for https://www.flashscore.com/match/tMvuGk7n

INFO     fs_live_stat_parser.py[LINE:69 2020-07-31 19:12][get_main_stat] Start parsing MAIN stat for https://www.flashscore.com/match/Obk8aONb

INFO     fs_live_stat_parser.py[LINE:69 2020-07-31 19:12][get_main_stat] Start parsing MAIN stat for https://www.flashscore.com/match/nauyHVit

INFO     fs_live_stat_parser.py[LINE:69 2020-07-31 19:12][get_main_stat] Start parsing MAIN stat for https://www.flashscore.com/match/vuTWDKsG

INFO     fs_live_stat_parser.py[LINE:69 2020-07-31 19:12][get_main_stat] Start parsing MAIN stat for https://www.flashscore.com/match/W88JhGAE

INFO     fs_live_stat_parser.py[LINE:69 2020-07-31 19:12][get_main_stat] Start parsing MAIN stat for https://www.flashscore.com/match/GvXiDmi5

INFO     fs_live_stat_parser.py[LINE:69 2020-07-31 19:12][get_main_stat] Start parsing MAIN stat for https://www.flashscore.com/match/nLYFYfJr

INFO     fs_live_stat_parser.py[LINE:14 2020-07-31 19:12][get_html] Received html https://www.flashscore.com/match/bH3jC174#match-statistics;1

INFO     fs_live_stat_parser.py[LINE:14 2020-07-31 19:12][get_html] Received html https://www.flashscore.com/match/xrmd2Qwt#match-statistics;1

INFO     fs_live_stat_parser.py[LINE:14 2020-07-31 19:13][get_html] Received html https://www.flashscore.com/match/8UVuNILM

INFO     fs_live_stat_parser.py[LINE:69 2020-07-31 19:13][get_main_stat] Start parsing MAIN stat for https://www.flashscore.com/match/8UVuNILM

INFO     fs_live_stat_parser.py[LINE:14 2020-07-31 19:13][get_html] Received html https://www.flashscore.com/match/vkvPQ0Mc

INFO     fs_live_stat_parser.py[LINE:69 2020-07-31 19:13][get_main_stat] Start parsing MAIN stat for https://www.flashscore.com/match/vkvPQ0Mc

INFO     fs_live_stat_parser.py[LINE:14 2020-07-31 19:13][get_html] Received html https://www.flashscore.com/match/Otdx3cUj

INFO     fs_live_stat_parser.py[LINE:14 2020-07-31 19:13][get_html] Received html https://www.flashscore.com/match/K8BGGGbj

INFO     fs_live_stat_parser.py[LINE:69 2020-07-31 19:13][get_main_stat] Start parsing MAIN stat for https://www.flashscore.com/match/Otdx3cUj

INFO     fs_live_stat_parser.py[LINE:69 2020-07-31 19:13][get_main_stat] Start parsing MAIN stat for https://www.flashscore.com/match/K8BGGGbj

INFO     fs_live_stat_parser.py[LINE:14 2020-07-31 19:13][get_html] Received html https://www.flashscore.com/match/2kAsENxh

INFO     fs_live_stat_parser.py[LINE:69 2020-07-31 19:13][get_main_stat] Start parsing MAIN stat for https://www.flashscore.com/match/2kAsENxh

INFO     fs_live_stat_parser.py[LINE:14 2020-07-31 19:13][get_html] Received html https://www.flashscore.com/match/xAmboY2l

INFO     fs_live_stat_parser.py[LINE:14 2020-07-31 19:13][get_html] Received html https://www.flashscore.com/match/QozLRt7i

INFO     fs_live_stat_parser.py[LINE:69 2020-07-31 19:13][get_main_stat] Start parsing MAIN stat for https://www.flashscore.com/match/xAmboY2l

INFO     fs_live_stat_parser.py[LINE:69 2020-07-31 19:13][get_main_stat] Start parsing MAIN stat for https://www.flashscore.com/match/QozLRt7i

INFO     fs_live_stat_parser.py[LINE:14 2020-07-31 19:13][get_html] Received html https://www.flashscore.com/match/pjcY3wFp

INFO     fs_live_stat_parser.py[LINE:14 2020-07-31 19:13][get_html] Received html https://www.flashscore.com/match/hv3fBLMA

INFO     fs_live_stat_parser.py[LINE:69 2020-07-31 19:13][get_main_stat] Start parsing MAIN stat for https://www.flashscore.com/match/pjcY3wFp

INFO     fs_live_stat_parser.py[LINE:69 2020-07-31 19:13][get_main_stat] Start parsing MAIN stat for https://www.flashscore.com/match/hv3fBLMA

INFO     fs_live_stat_parser.py[LINE:14 2020-07-31 19:13][get_html] Received html https://www.flashscore.com/match/l6d39aiN

INFO     fs_live_stat_parser.py[LINE:14 2020-07-31 19:13][get_html] Received html https://www.flashscore.com/match/z3WTf0xU

INFO     fs_live_stat_parser.py[LINE:69 2020-07-31 19:13][get_main_stat] Start parsing MAIN stat for https://www.flashscore.com/match/l6d39aiN

INFO     fs_live_stat_parser.py[LINE:14 2020-07-31 19:13][get_html] Received html https://www.flashscore.com/match/nF32vKjc

INFO     fs_live_stat_parser.py[LINE:69 2020-07-31 19:13][get_main_stat] Start parsing MAIN stat for https://www.flashscore.com/match/z3WTf0xU

INFO     fs_live_stat_parser.py[LINE:69 2020-07-31 19:13][get_main_stat] Start parsing MAIN stat for https://www.flashscore.com/match/nF32vKjc

INFO     fs_live_stat_parser.py[LINE:14 2020-07-31 19:13][get_html] Received html https://www.flashscore.com/match/ObBwF3No

INFO     fs_live_stat_parser.py[LINE:14 2020-07-31 19:13][get_html] Received html https://www.flashscore.com/match/baAKFzEd

INFO     fs_live_stat_parser.py[LINE:14 2020-07-31 19:13][get_html] Received html https://www.flashscore.com/match/YBwTPKy4

INFO     fs_live_stat_parser.py[LINE:14 2020-07-31 19:13][get_html] Received html https://www.flashscore.com/match/xpMBHdqp

INFO     fs_live_stat_parser.py[LINE:14 2020-07-31 19:13][get_html] Received html https://www.flashscore.com/match/Sde78J6T

INFO     fs_live_stat_parser.py[LINE:69 2020-07-31 19:13][get_main_stat] Start parsing MAIN stat for https://www.flashscore.com/match/ObBwF3No

INFO     fs_live_stat_parser.py[LINE:14 2020-07-31 19:13][get_html] Received html https://www.flashscore.com/match/pEwHc2hB

INFO     fs_live_stat_parser.py[LINE:69 2020-07-31 19:13][get_main_stat] Start parsing MAIN stat for https://www.flashscore.com/match/xpMBHdqp

INFO     fs_live_stat_parser.py[LINE:69 2020-07-31 19:13][get_main_stat] Start parsing MAIN stat for https://www.flashscore.com/match/YBwTPKy4

INFO     fs_live_stat_parser.py[LINE:69 2020-07-31 19:13][get_main_stat] Start parsing MAIN stat for https://www.flashscore.com/match/Sde78J6T

INFO     fs_live_stat_parser.py[LINE:69 2020-07-31 19:13][get_main_stat] Start parsing MAIN stat for https://www.flashscore.com/match/baAKFzEd

INFO     fs_live_stat_parser.py[LINE:14 2020-07-31 19:13][get_html] Received html https://www.flashscore.com/match/2iVqMxyT

INFO     fs_live_stat_parser.py[LINE:14 2020-07-31 19:13][get_html] Received html https://www.flashscore.com/match/C2xXOviA

INFO     fs_live_stat_parser.py[LINE:14 2020-07-31 19:13][get_html] Received html https://www.flashscore.com/match/bH3jC174

INFO     fs_live_stat_parser.py[LINE:14 2020-07-31 19:13][get_html] Received html https://www.flashscore.com/match/6NvDbrw5

INFO     fs_live_stat_parser.py[LINE:14 2020-07-31 19:13][get_html] Received html https://www.flashscore.com/match/6s7bAuxH

INFO     fs_live_stat_parser.py[LINE:14 2020-07-31 19:13][get_html] Received html https://www.flashscore.com/match/UwXyOb6G

INFO     fs_live_stat_parser.py[LINE:14 2020-07-31 19:13][get_html] Received html https://www.flashscore.com/match/EXgcss8U

INFO     fs_live_stat_parser.py[LINE:14 2020-07-31 19:13][get_html] Received html https://www.flashscore.com/match/AeNejKpo

INFO     fs_live_stat_parser.py[LINE:14 2020-07-31 19:13][get_html] Received html https://www.flashscore.com/match/hvsPetNN

INFO     fs_live_stat_parser.py[LINE:14 2020-07-31 19:13][get_html] Received html https://www.flashscore.com/match/ph2toP85

INFO     fs_live_stat_parser.py[LINE:14 2020-07-31 19:13][get_html] Received html https://www.flashscore.com/match/GYo01pgn

INFO     fs_live_stat_parser.py[LINE:69 2020-07-31 19:13][get_main_stat] Start parsing MAIN stat for https://www.flashscore.com/match/pEwHc2hB

INFO     fs_live_stat_parser.py[LINE:14 2020-07-31 19:13][get_html] Received html https://www.flashscore.com/match/KQ4nDshb

INFO     fs_live_stat_parser.py[LINE:69 2020-07-31 19:13][get_main_stat] Start parsing MAIN stat for https://www.flashscore.com/match/hvsPetNN

INFO     fs_live_stat_parser.py[LINE:69 2020-07-31 19:13][get_main_stat] Start parsing MAIN stat for https://www.flashscore.com/match/bH3jC174

INFO     fs_live_stat_parser.py[LINE:69 2020-07-31 19:13][get_main_stat] Start parsing MAIN stat for https://www.flashscore.com/match/UwXyOb6G

INFO     fs_live_stat_parser.py[LINE:69 2020-07-31 19:13][get_main_stat] Start parsing MAIN stat for https://www.flashscore.com/match/C2xXOviA

INFO     fs_live_stat_parser.py[LINE:69 2020-07-31 19:13][get_main_stat] Start parsing MAIN stat for https://www.flashscore.com/match/EXgcss8U

INFO     fs_live_stat_parser.py[LINE:69 2020-07-31 19:13][get_main_stat] Start parsing MAIN stat for https://www.flashscore.com/match/ph2toP85

INFO     fs_live_stat_parser.py[LINE:14 2020-07-31 19:13][get_html] Received html https://www.flashscore.com/match/xAmboY2l#match-statistics;1

INFO     fs_live_stat_parser.py[LINE:69 2020-07-31 19:13][get_main_stat] Start parsing MAIN stat for https://www.flashscore.com/match/6NvDbrw5

INFO     fs_live_stat_parser.py[LINE:69 2020-07-31 19:13][get_main_stat] Start parsing MAIN stat for https://www.flashscore.com/match/GYo01pgn

INFO     fs_live_stat_parser.py[LINE:69 2020-07-31 19:13][get_main_stat] Start parsing MAIN stat for https://www.flashscore.com/match/AeNejKpo

INFO     fs_live_stat_parser.py[LINE:69 2020-07-31 19:13][get_main_stat] Start parsing MAIN stat for https://www.flashscore.com/match/6s7bAuxH

INFO     fs_live_stat_parser.py[LINE:69 2020-07-31 19:13][get_main_stat] Start parsing MAIN stat for https://www.flashscore.com/match/2iVqMxyT

INFO     fs_live_stat_parser.py[LINE:14 2020-07-31 19:13][get_html] Received html https://www.flashscore.com/match/vkvPQ0Mc#match-statistics;1

INFO     fs_live_stat_parser.py[LINE:14 2020-07-31 19:13][get_html] Received html https://www.flashscore.com/match/8UVuNILM#match-statistics;1

INFO     fs_live_stat_parser.py[LINE:69 2020-07-31 19:13][get_main_stat] Start parsing MAIN stat for https://www.flashscore.com/match/KQ4nDshb

INFO     fs_live_stat_parser.py[LINE:14 2020-07-31 19:13][get_html] Received html https://www.flashscore.com/match/K8BGGGbj#match-statistics;1

INFO     fs_live_stat_parser.py[LINE:14 2020-07-31 19:13][get_html] Received html https://www.flashscore.com/match/Otdx3cUj#match-statistics;1

INFO     fs_live_stat_parser.py[LINE:14 2020-07-31 19:13][get_html] Received html https://www.flashscore.com/match/2kAsENxh#match-statistics;1

INFO     fs_live_stat_parser.py[LINE:35 2020-07-31 19:13][get_half_stat] Start parsing HALF 1st_half stat for https://www.flashscore.com/match/xAmboY2l#match-statistics;1

INFO     fs_live_stat_parser.py[LINE:35 2020-07-31 19:13][get_half_stat] Start parsing HALF 1st_half stat for https://www.flashscore.com/match/8UVuNILM#match-statistics;1

INFO     fs_live_stat_parser.py[LINE:35 2020-07-31 19:13][get_half_stat] Start parsing HALF 1st_half stat for https://www.flashscore.com/match/2kAsENxh#match-statistics;1

INFO     fs_live_stat_parser.py[LINE:14 2020-07-31 19:13][get_html] Received html https://www.flashscore.com/match/QozLRt7i#match-statistics;1

INFO     fs_live_stat_parser.py[LINE:35 2020-07-31 19:13][get_half_stat] Start parsing HALF 1st_half stat for https://www.flashscore.com/match/K8BGGGbj#match-statistics;1

INFO     fs_live_stat_parser.py[LINE:35 2020-07-31 19:13][get_half_stat] Start parsing HALF 1st_half stat for https://www.flashscore.com/match/vkvPQ0Mc#match-statistics;1

INFO     fs_live_stat_parser.py[LINE:14 2020-07-31 19:13][get_html] Received html https://www.flashscore.com/match/pjcY3wFp#match-statistics;1

INFO     fs_live_stat_parser.py[LINE:35 2020-07-31 19:13][get_half_stat] Start parsing HALF 1st_half stat for https://www.flashscore.com/match/Otdx3cUj#match-statistics;1

INFO     fs_live_stat_parser.py[LINE:35 2020-07-31 19:13][get_half_stat] Start parsing HALF 1st_half stat for https://www.flashscore.com/match/QozLRt7i#match-statistics;1

INFO     fs_live_stat_parser.py[LINE:14 2020-07-31 19:13][get_html] Received html https://www.flashscore.com/match/hv3fBLMA#match-statistics;1

INFO     fs_live_stat_parser.py[LINE:35 2020-07-31 19:13][get_half_stat] Start parsing HALF 1st_half stat for https://www.flashscore.com/match/pjcY3wFp#match-statistics;1

INFO     fs_live_stat_parser.py[LINE:35 2020-07-31 19:13][get_half_stat] Start parsing HALF 1st_half stat for https://www.flashscore.com/match/hv3fBLMA#match-statistics;1

INFO     fs_live_stat_parser.py[LINE:14 2020-07-31 19:13][get_html] Received html https://www.flashscore.com/match/nF32vKjc#match-statistics;1

INFO     fs_live_stat_parser.py[LINE:14 2020-07-31 19:13][get_html] Received html https://www.flashscore.com/match/l6d39aiN#match-statistics;1

INFO     fs_live_stat_parser.py[LINE:35 2020-07-31 19:13][get_half_stat] Start parsing HALF 1st_half stat for https://www.flashscore.com/match/nF32vKjc#match-statistics;1

INFO     fs_live_stat_parser.py[LINE:35 2020-07-31 19:13][get_half_stat] Start parsing HALF 1st_half stat for https://www.flashscore.com/match/l6d39aiN#match-statistics;1

INFO     fs_live_stat_parser.py[LINE:14 2020-07-31 19:13][get_html] Received html https://www.flashscore.com/match/ObBwF3No#match-statistics;1

INFO     fs_live_stat_parser.py[LINE:35 2020-07-31 19:13][get_half_stat] Start parsing HALF 1st_half stat for https://www.flashscore.com/match/ObBwF3No#match-statistics;1

INFO     fs_live_stat_parser.py[LINE:14 2020-07-31 19:13][get_html] Received html https://www.flashscore.com/match/xpMBHdqp#match-statistics;1

INFO     fs_live_stat_parser.py[LINE:35 2020-07-31 19:13][get_half_stat] Start parsing HALF 1st_half stat for https://www.flashscore.com/match/xpMBHdqp#match-statistics;1

INFO     fs_live_stat_parser.py[LINE:14 2020-07-31 19:13][get_html] Received html https://www.flashscore.com/match/YBwTPKy4#match-statistics;1

INFO     fs_live_stat_parser.py[LINE:14 2020-07-31 19:13][get_html] Received html https://www.flashscore.com/match/pEwHc2hB#match-statistics;1

INFO     fs_live_stat_parser.py[LINE:35 2020-07-31 19:13][get_half_stat] Start parsing HALF 1st_half stat for https://www.flashscore.com/match/YBwTPKy4#match-statistics;1

INFO     fs_live_stat_parser.py[LINE:35 2020-07-31 19:13][get_half_stat] Start parsing HALF 1st_half stat for https://www.flashscore.com/match/pEwHc2hB#match-statistics;1

INFO     fs_live_stat_parser.py[LINE:14 2020-07-31 19:13][get_html] Received html https://www.flashscore.com/match/z3WTf0xU#match-statistics;1

INFO     fs_live_stat_parser.py[LINE:35 2020-07-31 19:13][get_half_stat] Start parsing HALF 1st_half stat for https://www.flashscore.com/match/z3WTf0xU#match-statistics;1

INFO     fs_live_stat_parser.py[LINE:14 2020-07-31 19:13][get_html] Received html https://www.flashscore.com/match/baAKFzEd#match-statistics;1

INFO     fs_live_stat_parser.py[LINE:14 2020-07-31 19:13][get_html] Received html https://www.flashscore.com/match/bH3jC174#match-statistics;1

INFO     fs_live_stat_parser.py[LINE:14 2020-07-31 19:13][get_html] Received html https://www.flashscore.com/match/Sde78J6T#match-statistics;1

INFO     fs_live_stat_parser.py[LINE:35 2020-07-31 19:13][get_half_stat] Start parsing HALF 1st_half stat for https://www.flashscore.com/match/baAKFzEd#match-statistics;1

INFO     fs_live_stat_parser.py[LINE:35 2020-07-31 19:13][get_half_stat] Start parsing HALF 1st_half stat for https://www.flashscore.com/match/Sde78J6T#match-statistics;1

INFO     fs_live_stat_parser.py[LINE:35 2020-07-31 19:13][get_half_stat] Start parsing HALF 1st_half stat for https://www.flashscore.com/match/bH3jC174#match-statistics;1

INFO     fs_live_stat_parser.py[LINE:14 2020-07-31 19:13][get_html] Received html https://www.flashscore.com/match/C2xXOviA#match-statistics;1

INFO     fs_live_stat_parser.py[LINE:35 2020-07-31 19:13][get_half_stat] Start parsing HALF 1st_half stat for https://www.flashscore.com/match/C2xXOviA#match-statistics;1

INFO     fs_live_stat_parser.py[LINE:14 2020-07-31 19:13][get_html] Received html https://www.flashscore.com/match/hvsPetNN#match-statistics;1

INFO     fs_live_stat_parser.py[LINE:35 2020-07-31 19:13][get_half_stat] Start parsing HALF 1st_half stat for https://www.flashscore.com/match/hvsPetNN#match-statistics;1

INFO     fs_live_stat_parser.py[LINE:14 2020-07-31 19:13][get_html] Received html https://www.flashscore.com/match/6s7bAuxH#match-statistics;1

INFO     fs_live_stat_parser.py[LINE:35 2020-07-31 19:13][get_half_stat] Start parsing HALF 1st_half stat for https://www.flashscore.com/match/6s7bAuxH#match-statistics;1

INFO     fs_live_stat_parser.py[LINE:14 2020-07-31 19:13][get_html] Received html https://www.flashscore.com/match/AeNejKpo#match-statistics;1

INFO     fs_live_stat_parser.py[LINE:14 2020-07-31 19:13][get_html] Received html https://www.flashscore.com/match/UwXyOb6G#match-statistics;1

INFO     fs_live_stat_parser.py[LINE:14 2020-07-31 19:13][get_html] Received html https://www.flashscore.com/match/xAmboY2l#match-statistics;2

INFO     fs_live_stat_parser.py[LINE:14 2020-07-31 19:13][get_html] Received html https://www.flashscore.com/match/8UVuNILM#match-statistics;2

INFO     fs_live_stat_parser.py[LINE:14 2020-07-31 19:13][get_html] Received html https://www.flashscore.com/match/ph2toP85#match-statistics;1

INFO     fs_live_stat_parser.py[LINE:14 2020-07-31 19:13][get_html] Received html https://www.flashscore.com/match/6NvDbrw5#match-statistics;1

INFO     fs_live_stat_parser.py[LINE:14 2020-07-31 19:13][get_html] Received html https://www.flashscore.com/match/2iVqMxyT#match-statistics;1

INFO     fs_live_stat_parser.py[LINE:35 2020-07-31 19:13][get_half_stat] Start parsing HALF 1st_half stat for https://www.flashscore.com/match/AeNejKpo#match-statistics;1

INFO     fs_live_stat_parser.py[LINE:14 2020-07-31 19:13][get_html] Received html https://www.flashscore.com/match/2kAsENxh#match-statistics;2

INFO     fs_live_stat_parser.py[LINE:14 2020-07-31 19:13][get_html] Received html https://www.flashscore.com/match/EXgcss8U#match-statistics;1

INFO     fs_live_stat_parser.py[LINE:35 2020-07-31 19:13][get_half_stat] Start parsing HALF 2nd_half stat for https://www.flashscore.com/match/xAmboY2l#match-statistics;2

INFO     fs_live_stat_parser.py[LINE:35 2020-07-31 19:13][get_half_stat] Start parsing HALF 1st_half stat for https://www.flashscore.com/match/2iVqMxyT#match-statistics;1

INFO     fs_live_stat_parser.py[LINE:35 2020-07-31 19:13][get_half_stat] Start parsing HALF 2nd_half stat for https://www.flashscore.com/match/8UVuNILM#match-statistics;2

INFO     fs_live_stat_parser.py[LINE:35 2020-07-31 19:13][get_half_stat] Start parsing HALF 1st_half stat for https://www.flashscore.com/match/ph2toP85#match-statistics;1

INFO     fs_live_stat_parser.py[LINE:35 2020-07-31 19:13][get_half_stat] Start parsing HALF 1st_half stat for https://www.flashscore.com/match/6NvDbrw5#match-statistics;1

INFO     fs_live_stat_parser.py[LINE:35 2020-07-31 19:13][get_half_stat] Start parsing HALF 1st_half stat for https://www.flashscore.com/match/UwXyOb6G#match-statistics;1

INFO     fs_live_stat_parser.py[LINE:14 2020-07-31 19:13][get_html] Received html https://www.flashscore.com/match/vkvPQ0Mc#match-statistics;2

INFO     fs_live_stat_parser.py[LINE:35 2020-07-31 19:13][get_half_stat] Start parsing HALF 2nd_half stat for https://www.flashscore.com/match/2kAsENxh#match-statistics;2

INFO     fs_live_stat_parser.py[LINE:14 2020-07-31 19:13][get_html] Received html https://www.flashscore.com/match/Otdx3cUj#match-statistics;2

INFO     fs_live_stat_parser.py[LINE:14 2020-07-31 19:13][get_html] Received html https://www.flashscore.com/match/hv3fBLMA#match-statistics;2

INFO     fs_live_stat_parser.py[LINE:14 2020-07-31 19:13][get_html] Received html https://www.flashscore.com/match/KQ4nDshb#match-statistics;1

INFO     fs_live_stat_parser.py[LINE:14 2020-07-31 19:13][get_html] Received html https://www.flashscore.com/match/GYo01pgn#match-statistics;1

INFO     fs_live_stat_parser.py[LINE:35 2020-07-31 19:13][get_half_stat] Start parsing HALF 1st_half stat for https://www.flashscore.com/match/EXgcss8U#match-statistics;1

INFO     fs_live_stat_parser.py[LINE:14 2020-07-31 19:13][get_html] Received html https://www.flashscore.com/match/K8BGGGbj#match-statistics;2

INFO     fs_live_stat_parser.py[LINE:14 2020-07-31 19:13][get_html] Received html https://www.flashscore.com/match/pjcY3wFp#match-statistics;2

INFO     fs_live_stat_parser.py[LINE:14 2020-07-31 19:13][get_html] Received html https://www.flashscore.com/match/QozLRt7i#match-statistics;2

INFO     fs_live_stat_parser.py[LINE:14 2020-07-31 19:13][get_html] Received html https://www.flashscore.com/match/l6d39aiN#match-statistics;2

INFO     fs_live_stat_parser.py[LINE:35 2020-07-31 19:13][get_half_stat] Start parsing HALF 2nd_half stat for https://www.flashscore.com/match/Otdx3cUj#match-statistics;2

INFO     fs_live_stat_parser.py[LINE:35 2020-07-31 19:13][get_half_stat] Start parsing HALF 2nd_half stat for https://www.flashscore.com/match/hv3fBLMA#match-statistics;2

INFO     fs_live_stat_parser.py[LINE:35 2020-07-31 19:13][get_half_stat] Start parsing HALF 1st_half stat for https://www.flashscore.com/match/GYo01pgn#match-statistics;1

INFO     fs_live_stat_parser.py[LINE:35 2020-07-31 19:13][get_half_stat] Start parsing HALF 1st_half stat for https://www.flashscore.com/match/KQ4nDshb#match-statistics;1

INFO     fs_live_stat_parser.py[LINE:14 2020-07-31 19:13][get_html] Received html https://www.flashscore.com/match/nF32vKjc#match-statistics;2

INFO     fs_live_stat_parser.py[LINE:14 2020-07-31 19:13][get_html] Received html https://www.flashscore.com/match/ObBwF3No#match-statistics;2

INFO     fs_live_stat_parser.py[LINE:35 2020-07-31 19:13][get_half_stat] Start parsing HALF 2nd_half stat for https://www.flashscore.com/match/vkvPQ0Mc#match-statistics;2

INFO     fs_live_stat_parser.py[LINE:35 2020-07-31 19:13][get_half_stat] Start parsing HALF 2nd_half stat for https://www.flashscore.com/match/pjcY3wFp#match-statistics;2

INFO     fs_live_stat_parser.py[LINE:35 2020-07-31 19:13][get_half_stat] Start parsing HALF 2nd_half stat for https://www.flashscore.com/match/K8BGGGbj#match-statistics;2

INFO     fs_live_stat_parser.py[LINE:35 2020-07-31 19:13][get_half_stat] Start parsing HALF 2nd_half stat for https://www.flashscore.com/match/QozLRt7i#match-statistics;2

INFO     fs_live_stat_parser.py[LINE:14 2020-07-31 19:13][get_html] Received html https://www.flashscore.com/match/xpMBHdqp#match-statistics;2

INFO     fs_live_stat_parser.py[LINE:35 2020-07-31 19:13][get_half_stat] Start parsing HALF 2nd_half stat for https://www.flashscore.com/match/l6d39aiN#match-statistics;2

INFO     fs_live_stat_parser.py[LINE:35 2020-07-31 19:13][get_half_stat] Start parsing HALF 2nd_half stat for https://www.flashscore.com/match/nF32vKjc#match-statistics;2

INFO     fs_live_stat_parser.py[LINE:14 2020-07-31 19:13][get_html] Received html https://www.flashscore.com/match/pEwHc2hB#match-statistics;2

INFO     fs_live_stat_parser.py[LINE:35 2020-07-31 19:13][get_half_stat] Start parsing HALF 2nd_half stat for https://www.flashscore.com/match/ObBwF3No#match-statistics;2

INFO     fs_live_stat_parser.py[LINE:35 2020-07-31 19:13][get_half_stat] Start parsing HALF 2nd_half stat for https://www.flashscore.com/match/xpMBHdqp#match-statistics;2

INFO     fs_live_stat_parser.py[LINE:14 2020-07-31 19:13][get_html] Received html https://www.flashscore.com/match/YBwTPKy4#match-statistics;2

INFO     fs_live_stat_parser.py[LINE:35 2020-07-31 19:13][get_half_stat] Start parsing HALF 2nd_half stat for https://www.flashscore.com/match/pEwHc2hB#match-statistics;2

INFO     fs_live_stat_parser.py[LINE:14 2020-07-31 19:13][get_html] Received html https://www.flashscore.com/match/C2xXOviA#match-statistics;2

INFO     fs_live_stat_parser.py[LINE:35 2020-07-31 19:13][get_half_stat] Start parsing HALF 2nd_half stat for https://www.flashscore.com/match/YBwTPKy4#match-statistics;2

INFO     fs_live_stat_parser.py[LINE:14 2020-07-31 19:13][get_html] Received html https://www.flashscore.com/match/z3WTf0xU#match-statistics;2

INFO     fs_live_stat_parser.py[LINE:14 2020-07-31 19:13][get_html] Received html https://www.flashscore.com/match/baAKFzEd#match-statistics;2

INFO     fs_live_stat_parser.py[LINE:35 2020-07-31 19:13][get_half_stat] Start parsing HALF 2nd_half stat for https://www.flashscore.com/match/C2xXOviA#match-statistics;2

INFO     fs_live_stat_parser.py[LINE:14 2020-07-31 19:13][get_html] Received html https://www.flashscore.com/match/bH3jC174#match-statistics;2

INFO     fs_live_stat_parser.py[LINE:35 2020-07-31 19:13][get_half_stat] Start parsing HALF 2nd_half stat for https://www.flashscore.com/match/z3WTf0xU#match-statistics;2

INFO     fs_live_stat_parser.py[LINE:35 2020-07-31 19:13][get_half_stat] Start parsing HALF 2nd_half stat for https://www.flashscore.com/match/baAKFzEd#match-statistics;2

INFO     fs_live_stat_parser.py[LINE:35 2020-07-31 19:13][get_half_stat] Start parsing HALF 2nd_half stat for https://www.flashscore.com/match/bH3jC174#match-statistics;2

INFO     fs_live_stat_parser.py[LINE:14 2020-07-31 19:13][get_html] Received html https://www.flashscore.com/match/Sde78J6T#match-statistics;2

INFO     fs_live_stat_parser.py[LINE:35 2020-07-31 19:13][get_half_stat] Start parsing HALF 2nd_half stat for https://www.flashscore.com/match/Sde78J6T#match-statistics;2

INFO     fs_live_stat_parser.py[LINE:14 2020-07-31 19:13][get_html] Received html https://www.flashscore.com/match/hvsPetNN#match-statistics;2

INFO     fs_live_stat_parser.py[LINE:35 2020-07-31 19:13][get_half_stat] Start parsing HALF 2nd_half stat for https://www.flashscore.com/match/hvsPetNN#match-statistics;2

INFO     fs_live_stat_parser.py[LINE:14 2020-07-31 19:13][get_html] Received html https://www.flashscore.com/match/6s7bAuxH#match-statistics;2

INFO     fs_live_stat_parser.py[LINE:35 2020-07-31 19:13][get_half_stat] Start parsing HALF 2nd_half stat for https://www.flashscore.com/match/6s7bAuxH#match-statistics;2

INFO     fs_live_stat_parser.py[LINE:14 2020-07-31 19:13][get_html] Received html https://www.flashscore.com/match/AeNejKpo#match-statistics;2

INFO     fs_live_stat_parser.py[LINE:35 2020-07-31 19:13][get_half_stat] Start parsing HALF 2nd_half stat for https://www.flashscore.com/match/AeNejKpo#match-statistics;2

INFO     fs_live_stat_parser.py[LINE:14 2020-07-31 19:13][get_html] Received html https://www.flashscore.com/match/2iVqMxyT#match-statistics;2

INFO     fs_live_stat_parser.py[LINE:35 2020-07-31 19:13][get_half_stat] Start parsing HALF 2nd_half stat for https://www.flashscore.com/match/2iVqMxyT#match-statistics;2

INFO     fs_live_stat_parser.py[LINE:14 2020-07-31 19:13][get_html] Received html https://www.flashscore.com/match/EXgcss8U#match-statistics;2

INFO     fs_live_stat_parser.py[LINE:35 2020-07-31 19:13][get_half_stat] Start parsing HALF 2nd_half stat for https://www.flashscore.com/match/EXgcss8U#match-statistics;2

INFO     fs_live_stat_parser.py[LINE:14 2020-07-31 19:13][get_html] Received html https://www.flashscore.com/match/ph2toP85#match-statistics;2

INFO     fs_live_stat_parser.py[LINE:14 2020-07-31 19:13][get_html] Received html https://www.flashscore.com/match/pjcY3wFp

INFO     fs_live_stat_parser.py[LINE:14 2020-07-31 19:13][get_html] Received html https://www.flashscore.com/match/xAmboY2l

INFO     fs_live_stat_parser.py[LINE:14 2020-07-31 19:13][get_html] Received html https://www.flashscore.com/match/UwXyOb6G#match-statistics;2

INFO     fs_live_stat_parser.py[LINE:69 2020-07-31 19:13][get_main_stat] Start parsing MAIN stat for https://www.flashscore.com/match/pjcY3wFp

INFO     fs_live_stat_parser.py[LINE:14 2020-07-31 19:13][get_html] Received html https://www.flashscore.com/match/6NvDbrw5#match-statistics;2

INFO     fs_live_stat_parser.py[LINE:35 2020-07-31 19:13][get_half_stat] Start parsing HALF 2nd_half stat for https://www.flashscore.com/match/ph2toP85#match-statistics;2

INFO     fs_live_stat_parser.py[LINE:14 2020-07-31 19:13][get_html] Received html https://www.flashscore.com/match/Otdx3cUj

INFO     fs_live_stat_parser.py[LINE:14 2020-07-31 19:13][get_html] Received html https://www.flashscore.com/match/8UVuNILM

INFO     fs_live_stat_parser.py[LINE:14 2020-07-31 19:13][get_html] Received html https://www.flashscore.com/match/2kAsENxh

INFO     fs_live_stat_parser.py[LINE:14 2020-07-31 19:13][get_html] Received html https://www.flashscore.com/match/KQ4nDshb#match-statistics;2

INFO     fs_live_stat_parser.py[LINE:14 2020-07-31 19:13][get_html] Received html https://www.flashscore.com/match/vkvPQ0Mc

INFO     fs_live_stat_parser.py[LINE:69 2020-07-31 19:13][get_main_stat] Start parsing MAIN stat for https://www.flashscore.com/match/xAmboY2l

INFO     fs_live_stat_parser.py[LINE:69 2020-07-31 19:13][get_main_stat] Start parsing MAIN stat for https://www.flashscore.com/match/Otdx3cUj

INFO     fs_live_stat_parser.py[LINE:35 2020-07-31 19:13][get_half_stat] Start parsing HALF 2nd_half stat for https://www.flashscore.com/match/UwXyOb6G#match-statistics;2

INFO     fs_live_stat_parser.py[LINE:69 2020-07-31 19:13][get_main_stat] Start parsing MAIN stat for https://www.flashscore.com/match/8UVuNILM

INFO     fs_live_stat_parser.py[LINE:69 2020-07-31 19:13][get_main_stat] Start parsing MAIN stat for https://www.flashscore.com/match/2kAsENxh

INFO     fs_live_stat_parser.py[LINE:14 2020-07-31 19:13][get_html] Received html https://www.flashscore.com/match/hv3fBLMA

INFO     fs_live_stat_parser.py[LINE:14 2020-07-31 19:13][get_html] Received html https://www.flashscore.com/match/GYo01pgn#match-statistics;2

INFO     fs_live_stat_parser.py[LINE:14 2020-07-31 19:13][get_html] Received html https://www.flashscore.com/match/xpMBHdqp

INFO     fs_live_stat_parser.py[LINE:35 2020-07-31 19:13][get_half_stat] Start parsing HALF 2nd_half stat for https://www.flashscore.com/match/6NvDbrw5#match-statistics;2

INFO     fs_live_stat_parser.py[LINE:14 2020-07-31 19:13][get_html] Received html https://www.flashscore.com/match/l6d39aiN

INFO     fs_live_stat_parser.py[LINE:14 2020-07-31 19:13][get_html] Received html https://www.flashscore.com/match/K8BGGGbj

INFO     fs_live_stat_parser.py[LINE:14 2020-07-31 19:13][get_html] Received html https://www.flashscore.com/match/ObBwF3No

INFO     fs_live_stat_parser.py[LINE:14 2020-07-31 19:13][get_html] Received html https://www.flashscore.com/match/YBwTPKy4

INFO     fs_live_stat_parser.py[LINE:14 2020-07-31 19:13][get_html] Received html https://www.flashscore.com/match/nF32vKjc

INFO     fs_live_stat_parser.py[LINE:69 2020-07-31 19:13][get_main_stat] Start parsing MAIN stat for https://www.flashscore.com/match/vkvPQ0Mc

INFO     fs_live_stat_parser.py[LINE:14 2020-07-31 19:13][get_html] Received html https://www.flashscore.com/match/C2xXOviA

INFO     fs_live_stat_parser.py[LINE:14 2020-07-31 19:13][get_html] Received html https://www.flashscore.com/match/QozLRt7i

INFO     fs_live_stat_parser.py[LINE:69 2020-07-31 19:13][get_main_stat] Start parsing MAIN stat for https://www.flashscore.com/match/K8BGGGbj

INFO     fs_live_stat_parser.py[LINE:35 2020-07-31 19:13][get_half_stat] Start parsing HALF 2nd_half stat for https://www.flashscore.com/match/KQ4nDshb#match-statistics;2

INFO     fs_live_stat_parser.py[LINE:14 2020-07-31 19:13][get_html] Received html https://www.flashscore.com/match/pEwHc2hB

INFO     fs_live_stat_parser.py[LINE:14 2020-07-31 19:13][get_html] Received html https://www.flashscore.com/match/bH3jC174

INFO     fs_live_stat_parser.py[LINE:14 2020-07-31 19:13][get_html] Received html https://www.flashscore.com/match/baAKFzEd

INFO     fs_live_stat_parser.py[LINE:69 2020-07-31 19:13][get_main_stat] Start parsing MAIN stat for https://www.flashscore.com/match/nF32vKjc

INFO     fs_live_stat_parser.py[LINE:69 2020-07-31 19:13][get_main_stat] Start parsing MAIN stat for https://www.flashscore.com/match/ObBwF3No

INFO     fs_live_stat_parser.py[LINE:14 2020-07-31 19:13][get_html] Received html https://www.flashscore.com/match/Sde78J6T

INFO     fs_live_stat_parser.py[LINE:69 2020-07-31 19:13][get_main_stat] Start parsing MAIN stat for https://www.flashscore.com/match/hv3fBLMA

INFO     fs_live_stat_parser.py[LINE:14 2020-07-31 19:13][get_html] Received html https://www.flashscore.com/match/z3WTf0xU

INFO     fs_live_stat_parser.py[LINE:14 2020-07-31 19:13][get_html] Received html https://www.flashscore.com/match/hvsPetNN

INFO     fs_live_stat_parser.py[LINE:69 2020-07-31 19:13][get_main_stat] Start parsing MAIN stat for https://www.flashscore.com/match/xpMBHdqp

INFO     fs_live_stat_parser.py[LINE:14 2020-07-31 19:13][get_html] Received html https://www.flashscore.com/match/6s7bAuxH

INFO     fs_live_stat_parser.py[LINE:69 2020-07-31 19:13][get_main_stat] Start parsing MAIN stat for https://www.flashscore.com/match/l6d39aiN

INFO     fs_live_stat_parser.py[LINE:69 2020-07-31 19:13][get_main_stat] Start parsing MAIN stat for https://www.flashscore.com/match/Sde78J6T

INFO     fs_live_stat_parser.py[LINE:14 2020-07-31 19:13][get_html] Received html https://www.flashscore.com/match/AeNejKpo

INFO     fs_live_stat_parser.py[LINE:69 2020-07-31 19:13][get_main_stat] Start parsing MAIN stat for https://www.flashscore.com/match/C2xXOviA

INFO     fs_live_stat_parser.py[LINE:69 2020-07-31 19:13][get_main_stat] Start parsing MAIN stat for https://www.flashscore.com/match/YBwTPKy4

INFO     fs_live_stat_parser.py[LINE:35 2020-07-31 19:13][get_half_stat] Start parsing HALF 2nd_half stat for https://www.flashscore.com/match/GYo01pgn#match-statistics;2

INFO     fs_live_stat_parser.py[LINE:14 2020-07-31 19:13][get_html] Received html https://www.flashscore.com/match/2iVqMxyT

INFO     fs_live_stat_parser.py[LINE:69 2020-07-31 19:13][get_main_stat] Start parsing MAIN stat for https://www.flashscore.com/match/bH3jC174

INFO     fs_live_stat_parser.py[LINE:69 2020-07-31 19:13][get_main_stat] Start parsing MAIN stat for https://www.flashscore.com/match/pEwHc2hB

INFO     fs_live_stat_parser.py[LINE:69 2020-07-31 19:13][get_main_stat] Start parsing MAIN stat for https://www.flashscore.com/match/QozLRt7i

INFO     fs_live_stat_parser.py[LINE:69 2020-07-31 19:13][get_main_stat] Start parsing MAIN stat for https://www.flashscore.com/match/6s7bAuxH

INFO     fs_live_stat_parser.py[LINE:14 2020-07-31 19:13][get_html] Received html https://www.flashscore.com/match/EXgcss8U

INFO     fs_live_stat_parser.py[LINE:69 2020-07-31 19:13][get_main_stat] Start parsing MAIN stat for https://www.flashscore.com/match/AeNejKpo

INFO     fs_live_stat_parser.py[LINE:69 2020-07-31 19:13][get_main_stat] Start parsing MAIN stat for https://www.flashscore.com/match/z3WTf0xU

INFO     fs_live_stat_parser.py[LINE:69 2020-07-31 19:13][get_main_stat] Start parsing MAIN stat for https://www.flashscore.com/match/hvsPetNN

INFO     fs_live_stat_parser.py[LINE:14 2020-07-31 19:13][get_html] Received html https://www.flashscore.com/match/xAmboY2l

INFO     fs_live_stat_parser.py[LINE:69 2020-07-31 19:13][get_main_stat] Start parsing MAIN stat for https://www.flashscore.com/match/baAKFzEd

INFO     fs_live_stat_parser.py[LINE:14 2020-07-31 19:13][get_html] Received html https://www.flashscore.com/match/pjcY3wFp

INFO     fs_live_stat_parser.py[LINE:14 2020-07-31 19:13][get_html] Received html https://www.flashscore.com/match/ph2toP85

INFO     fs_live_stat_parser.py[LINE:69 2020-07-31 19:13][get_main_stat] Start parsing MAIN stat for https://www.flashscore.com/match/2iVqMxyT

INFO     fs_past_stat_parser.py[LINE:138 2020-07-31 19:13][get_past_stat] Start collect PAST stat data from https://www.flashscore.com/match/xAmboY2l

INFO     fs_past_stat_parser.py[LINE:138 2020-07-31 19:13][get_past_stat] Start collect PAST stat data from https://www.flashscore.com/match/pjcY3wFp

INFO     fs_live_stat_parser.py[LINE:69 2020-07-31 19:13][get_main_stat] Start parsing MAIN stat for https://www.flashscore.com/match/EXgcss8U

INFO     fs_live_stat_parser.py[LINE:14 2020-07-31 19:13][get_html] Received html https://www.flashscore.com/match/UwXyOb6G

INFO     fs_live_stat_parser.py[LINE:69 2020-07-31 19:13][get_main_stat] Start parsing MAIN stat for https://www.flashscore.com/match/ph2toP85

INFO     fs_live_stat_parser.py[LINE:69 2020-07-31 19:13][get_main_stat] Start parsing MAIN stat for https://www.flashscore.com/match/UwXyOb6G

INFO     fs_live_stat_parser.py[LINE:14 2020-07-31 19:13][get_html] Received html https://www.flashscore.com/match/6NvDbrw5

INFO     fs_live_stat_parser.py[LINE:14 2020-07-31 19:13][get_html] Received html https://www.flashscore.com/match/8UVuNILM

INFO     fs_live_stat_parser.py[LINE:14 2020-07-31 19:13][get_html] Received html https://www.flashscore.com/match/KQ4nDshb

INFO     fs_live_stat_parser.py[LINE:14 2020-07-31 19:13][get_html] Received html https://www.flashscore.com/match/2kAsENxh

INFO     fs_live_stat_parser.py[LINE:69 2020-07-31 19:13][get_main_stat] Start parsing MAIN stat for https://www.flashscore.com/match/6NvDbrw5

INFO     fs_past_stat_parser.py[LINE:138 2020-07-31 19:13][get_past_stat] Start collect PAST stat data from https://www.flashscore.com/match/2kAsENxh

INFO     fs_live_stat_parser.py[LINE:69 2020-07-31 19:13][get_main_stat] Start parsing MAIN stat for https://www.flashscore.com/match/KQ4nDshb

INFO     fs_past_stat_parser.py[LINE:138 2020-07-31 19:13][get_past_stat] Start collect PAST stat data from https://www.flashscore.com/match/8UVuNILM

INFO     fs_live_stat_parser.py[LINE:14 2020-07-31 19:13][get_html] Received html https://www.flashscore.com/match/Otdx3cUj

INFO     fs_live_stat_parser.py[LINE:14 2020-07-31 19:13][get_html] Received html https://www.flashscore.com/match/vkvPQ0Mc

INFO     fs_past_stat_parser.py[LINE:138 2020-07-31 19:13][get_past_stat] Start collect PAST stat data from https://www.flashscore.com/match/Otdx3cUj

INFO     fs_past_stat_parser.py[LINE:138 2020-07-31 19:13][get_past_stat] Start collect PAST stat data from https://www.flashscore.com/match/vkvPQ0Mc

INFO     fs_live_stat_parser.py[LINE:14 2020-07-31 19:13][get_html] Received html https://www.flashscore.com/match/ObBwF3No

INFO     fs_past_stat_parser.py[LINE:138 2020-07-31 19:14][get_past_stat] Start collect PAST stat data from https://www.flashscore.com/match/ObBwF3No

INFO     fs_live_stat_parser.py[LINE:14 2020-07-31 19:14][get_html] Received html https://www.flashscore.com/match/nF32vKjc

INFO     fs_past_stat_parser.py[LINE:138 2020-07-31 19:14][get_past_stat] Start collect PAST stat data from https://www.flashscore.com/match/nF32vKjc

INFO     fs_live_stat_parser.py[LINE:14 2020-07-31 19:14][get_html] Received html https://www.flashscore.com/match/xpMBHdqp

INFO     fs_live_stat_parser.py[LINE:14 2020-07-31 19:14][get_html] Received html https://www.flashscore.com/match/hv3fBLMA

INFO     fs_past_stat_parser.py[LINE:138 2020-07-31 19:14][get_past_stat] Start collect PAST stat data from https://www.flashscore.com/match/xpMBHdqp

INFO     fs_past_stat_parser.py[LINE:138 2020-07-31 19:14][get_past_stat] Start collect PAST stat data from https://www.flashscore.com/match/hv3fBLMA

INFO     fs_live_stat_parser.py[LINE:14 2020-07-31 19:14][get_html] Received html https://www.flashscore.com/match/Sde78J6T

INFO     fs_past_stat_parser.py[LINE:138 2020-07-31 19:14][get_past_stat] Start collect PAST stat data from https://www.flashscore.com/match/Sde78J6T

INFO     fs_live_stat_parser.py[LINE:14 2020-07-31 19:14][get_html] Received html https://www.flashscore.com/match/K8BGGGbj

INFO     fs_live_stat_parser.py[LINE:14 2020-07-31 19:14][get_html] Received html https://www.flashscore.com/match/GYo01pgn

INFO     fs_past_stat_parser.py[LINE:138 2020-07-31 19:14][get_past_stat] Start collect PAST stat data from https://www.flashscore.com/match/K8BGGGbj

INFO     fs_live_stat_parser.py[LINE:69 2020-07-31 19:14][get_main_stat] Start parsing MAIN stat for https://www.flashscore.com/match/GYo01pgn

INFO     fs_live_stat_parser.py[LINE:14 2020-07-31 19:14][get_html] Received html https://www.flashscore.com/match/C2xXOviA

INFO     fs_past_stat_parser.py[LINE:138 2020-07-31 19:14][get_past_stat] Start collect PAST stat data from https://www.flashscore.com/match/C2xXOviA

INFO     fs_live_stat_parser.py[LINE:14 2020-07-31 19:14][get_html] Received html https://www.flashscore.com/match/pEwHc2hB

INFO     fs_live_stat_parser.py[LINE:14 2020-07-31 19:14][get_html] Received html https://www.flashscore.com/match/l6d39aiN

INFO     fs_past_stat_parser.py[LINE:138 2020-07-31 19:14][get_past_stat] Start collect PAST stat data from https://www.flashscore.com/match/l6d39aiN

INFO     fs_past_stat_parser.py[LINE:138 2020-07-31 19:14][get_past_stat] Start collect PAST stat data from https://www.flashscore.com/match/pEwHc2hB

INFO     fs_live_stat_parser.py[LINE:14 2020-07-31 19:14][get_html] Received html https://www.flashscore.com/match/6s7bAuxH

INFO     fs_live_stat_parser.py[LINE:14 2020-07-31 19:14][get_html] Received html https://www.flashscore.com/match/YBwTPKy4

INFO     fs_past_stat_parser.py[LINE:138 2020-07-31 19:14][get_past_stat] Start collect PAST stat data from https://www.flashscore.com/match/YBwTPKy4

INFO     fs_live_stat_parser.py[LINE:14 2020-07-31 19:14][get_html] Received html https://www.flashscore.com/match/AeNejKpo

INFO     fs_live_stat_parser.py[LINE:14 2020-07-31 19:14][get_html] Received html https://www.flashscore.com/match/QozLRt7i

INFO     fs_live_stat_parser.py[LINE:14 2020-07-31 19:14][get_html] Received html https://www.flashscore.com/match/bH3jC174

INFO     fs_past_stat_parser.py[LINE:138 2020-07-31 19:14][get_past_stat] Start collect PAST stat data from https://www.flashscore.com/match/6s7bAuxH

INFO     fs_past_stat_parser.py[LINE:138 2020-07-31 19:14][get_past_stat] Start collect PAST stat data from https://www.flashscore.com/match/AeNejKpo

INFO     fs_past_stat_parser.py[LINE:138 2020-07-31 19:14][get_past_stat] Start collect PAST stat data from https://www.flashscore.com/match/bH3jC174

INFO     fs_past_stat_parser.py[LINE:138 2020-07-31 19:14][get_past_stat] Start collect PAST stat data from https://www.flashscore.com/match/QozLRt7i

INFO     fs_live_stat_parser.py[LINE:14 2020-07-31 19:14][get_html] Received html https://www.flashscore.com/match/2iVqMxyT

INFO     fs_past_stat_parser.py[LINE:138 2020-07-31 19:14][get_past_stat] Start collect PAST stat data from https://www.flashscore.com/match/2iVqMxyT

INFO     fs_live_stat_parser.py[LINE:14 2020-07-31 19:14][get_html] Received html https://www.flashscore.com/match/baAKFzEd

INFO     fs_past_stat_parser.py[LINE:138 2020-07-31 19:14][get_past_stat] Start collect PAST stat data from https://www.flashscore.com/match/baAKFzEd

INFO     fs_live_stat_parser.py[LINE:14 2020-07-31 19:14][get_html] Received html https://www.flashscore.com/match/KQ4nDshb

INFO     fs_past_stat_parser.py[LINE:138 2020-07-31 19:14][get_past_stat] Start collect PAST stat data from https://www.flashscore.com/match/KQ4nDshb

INFO     fs_live_stat_parser.py[LINE:14 2020-07-31 19:14][get_html] Received html https://www.flashscore.com/match/hvsPetNN

INFO     fs_past_stat_parser.py[LINE:138 2020-07-31 19:14][get_past_stat] Start collect PAST stat data from https://www.flashscore.com/match/hvsPetNN

INFO     fs_live_stat_parser.py[LINE:14 2020-07-31 19:14][get_html] Received html https://www.flashscore.com/match/ph2toP85

INFO     fs_live_stat_parser.py[LINE:14 2020-07-31 19:14][get_html] Received html https://www.flashscore.com/match/6NvDbrw5

INFO     fs_live_stat_parser.py[LINE:14 2020-07-31 19:14][get_html] Received html https://www.flashscore.com/match/UwXyOb6G

INFO     fs_past_stat_parser.py[LINE:138 2020-07-31 19:14][get_past_stat] Start collect PAST stat data from https://www.flashscore.com/match/ph2toP85

INFO     fs_past_stat_parser.py[LINE:138 2020-07-31 19:14][get_past_stat] Start collect PAST stat data from https://www.flashscore.com/match/6NvDbrw5

INFO     fs_past_stat_parser.py[LINE:138 2020-07-31 19:14][get_past_stat] Start collect PAST stat data from https://www.flashscore.com/match/UwXyOb6G

INFO     fs_live_stat_parser.py[LINE:14 2020-07-31 19:14][get_html] Received html https://www.flashscore.com/match/EXgcss8U

INFO     fs_past_stat_parser.py[LINE:138 2020-07-31 19:14][get_past_stat] Start collect PAST stat data from https://www.flashscore.com/match/EXgcss8U

INFO     fs_live_stat_parser.py[LINE:14 2020-07-31 19:14][get_html] Received html https://www.flashscore.com/match/z3WTf0xU

INFO     fs_past_stat_parser.py[LINE:138 2020-07-31 19:14][get_past_stat] Start collect PAST stat data from https://www.flashscore.com/match/z3WTf0xU

INFO     fs_live_stat_parser.py[LINE:14 2020-07-31 19:14][get_html] Received html https://www.flashscore.com/match/GYo01pgn

INFO     fs_past_stat_parser.py[LINE:138 2020-07-31 19:14][get_past_stat] Start collect PAST stat data from https://www.flashscore.com/match/GYo01pgn

INFO     fs_past_stat_parser.py[LINE:87 2020-07-31 19:14][get_more_events] Start CLICKING to show more btn on https://www.flashscore.com/team/godoy-cruz/tUAxIm6l/results/ page
INFO     fs_past_stat_parser.py[LINE:87 2020-07-31 19:14][get_more_events] Start CLICKING to show more btn on https://www.flashscore.com/team/argentinos-jrs/QuxS0ahA/results/ page
INFO     fs_past_stat_parser.py[LINE:87 2020-07-31 19:14][get_more_events] Start CLICKING to show more btn on https://www.flashscore.com/team/defensa-y-justicia/Gdfv0Zsh/results/ page
INFO     fs_past_stat_parser.py[LINE:87 2020-07-31 19:14][get_more_events] Start CLICKING to show more btn on https://www.flashscore.com/team/gimnasia-l-p/jiDN9Zaj/results/ page
INFO     fs_past_stat_parser.py[LINE:87 2020-07-31 19:14][get_more_events] Start CLICKING to show more btn on https://www.flashscore.com/team/racing-club/OhapHPm9/results/ page
INFO     fs_past_stat_parser.py[LINE:87 2020-07-31 19:14][get_more_events] Start CLICKING to show more btn on https://www.flashscore.com/team/velez-sarsfield/UsCR8gFd/results/ page
INFO     fs_past_stat_parser.py[LINE:87 2020-07-31 19:14][get_more_events] Start CLICKING to show more btn on https://www.flashscore.com/team/boca-juniors/hMrWAFH0/results/ page
INFO     fs_past_stat_parser.py[LINE:87 2020-07-31 19:14][get_more_events] Start CLICKING to show more btn on https://www.flashscore.com/team/patronato/rkRIZdfG/results/ page
INFO     fs_past_stat_parser.py[LINE:87 2020-07-31 19:14][get_more_events] Start CLICKING to show more btn on https://www.flashscore.com/team/atl-tucuman/KpqpxWko/results/ page
INFO     fs_past_stat_parser.py[LINE:87 2020-07-31 19:14][get_more_events] Start CLICKING to show more btn on https://www.flashscore.com/team/newells-old-boys/6gMiRHVj/results/ page
INFO     fs_past_stat_parser.py[LINE:87 2020-07-31 19:14][get_more_events] Start CLICKING to show more btn on https://www.flashscore.com/team/union-de-santa-fe/lr2YMkTK/results/ page
INFO     fs_past_stat_parser.py[LINE:87 2020-07-31 19:14][get_more_events] Start CLICKING to show more btn on https://www.flashscore.com/team/central-cordoba-santiago-del-estero/0dHZReql/results/ page
INFO     fs_past_stat_parser.py[LINE:87 2020-07-31 19:14][get_more_events] Start CLICKING to show more btn on https://www.flashscore.com/team/estudiantes-l-p/p2SkCHXs/results/ page
INFO     fs_past_stat_parser.py[LINE:87 2020-07-31 19:14][get_more_events] Start CLICKING to show more btn on https://www.flashscore.com/team/velez-sarsfield/UsCR8gFd/results/ page
INFO     fs_past_stat_parser.py[LINE:87 2020-07-31 19:14][get_more_events] Start CLICKING to show more btn on https://www.flashscore.com/team/talleres-cordoba/bkDdeAvA/results/ page
INFO     fs_past_stat_parser.py[LINE:87 2020-07-31 19:14][get_more_events] Start CLICKING to show more btn on https://www.flashscore.com/team/colon-santa-fe/SAk2Byml/results/ page
INFO     fs_past_stat_parser.py[LINE:87 2020-07-31 19:14][get_more_events] Start CLICKING to show more btn on https://www.flashscore.com/team/aldosivi/Eu4qrEcB/results/ page
INFO     fs_past_stat_parser.py[LINE:87 2020-07-31 19:14][get_more_events] Start CLICKING to show more btn on https://www.flashscore.com/team/independiente/UVatI5Y2/results/ page
INFO     fs_past_stat_parser.py[LINE:87 2020-07-31 19:14][get_more_events] Start CLICKING to show more btn on https://www.flashscore.com/team/talleres-cordoba/bkDdeAvA/results/ page
INFO     fs_past_stat_parser.py[LINE:87 2020-07-31 19:14][get_more_events] Start CLICKING to show more btn on https://www.flashscore.com/team/rosario-central/4QmJ2LNc/results/ page
INFO     fs_past_stat_parser.py[LINE:87 2020-07-31 19:14][get_more_events] Start CLICKING to show more btn on https://www.flashscore.com/team/boca-juniors/hMrWAFH0/results/ page
INFO     fs_past_stat_parser.py[LINE:87 2020-07-31 19:14][get_more_events] Start CLICKING to show more btn on https://www.flashscore.com/team/estudiantes-l-p/p2SkCHXs/results/ page
INFO     fs_past_stat_parser.py[LINE:87 2020-07-31 19:14][get_more_events] Start CLICKING to show more btn on https://www.flashscore.com/team/union-de-santa-fe/lr2YMkTK/results/ page
INFO     fs_past_stat_parser.py[LINE:87 2020-07-31 19:14][get_more_events] Start CLICKING to show more btn on https://www.flashscore.com/team/river-plate/EVqSBe2f/results/ page
INFO     fs_past_stat_parser.py[LINE:87 2020-07-31 19:14][get_more_events] Start CLICKING to show more btn on https://www.flashscore.com/team/arsenal-sarandi/zoYzAZW6/results/ page
INFO     fs_past_stat_parser.py[LINE:87 2020-07-31 19:14][get_more_events] Start CLICKING to show more btn on https://www.flashscore.com/team/lanus/Y9yh1J7G/results/ page
INFO     fs_past_stat_parser.py[LINE:87 2020-07-31 19:14][get_more_events] Start CLICKING to show more btn on https://www.flashscore.com/team/san-lorenzo/ju1xJoJd/results/ page
INFO     fs_past_stat_parser.py[LINE:87 2020-07-31 19:14][get_more_events] Start CLICKING to show more btn on https://www.flashscore.com/team/banfield/GIb40wNM/results/ page
INFO     fs_past_stat_parser.py[LINE:87 2020-07-31 19:14][get_more_events] Start CLICKING to show more btn on https://www.flashscore.com/team/huracan/xd3lGq3F/results/ page
INFO     fs_past_stat_parser.py[LINE:87 2020-07-31 19:14][get_more_events] Start CLICKING to show more btn on https://www.flashscore.com/team/defensa-y-justicia/Gdfv0Zsh/results/ page
ERROR    fs_past_stat_parser.py[LINE:93 2020-07-31 19:15][get_more_events] Button show more events not found url {url}
Traceback (most recent call last):
  File "/home/max/Projects/football-stat-scraper/stat_scraper/fs_past_stat_parser.py", line 91, in get_more_events
    more_event_btn.click()
  File "/home/max/.local/lib/python3.8/site-packages/selenium/webdriver/remote/webelement.py", line 80, in click
    self._execute(Command.CLICK_ELEMENT)
  File "/home/max/.local/lib/python3.8/site-packages/selenium/webdriver/remote/webelement.py", line 633, in _execute
    return self._parent.execute(command, params)
  File "/home/max/.local/lib/python3.8/site-packages/selenium/webdriver/remote/webdriver.py", line 321, in execute
    self.error_handler.check_response(response)
  File "/home/max/.local/lib/python3.8/site-packages/selenium/webdriver/remote/errorhandler.py", line 242, in check_response
    raise exception_class(message, screen, stacktrace)
selenium.common.exceptions.StaleElementReferenceException: Message: stale element reference: element is not attached to the page document
  (Session info: headless chrome=84.0.4147.89)

INFO     fs_past_stat_parser.py[LINE:105 2020-07-31 19:15][find_previous_events] Start finding PREV events for 01.03.2020

INFO     fs_past_stat_parser.py[LINE:108 2020-07-31 19:15][find_previous_events] LAST date in received stat rows = 20.08.2012

ERROR    fs_past_stat_parser.py[LINE:93 2020-07-31 19:15][get_more_events] Button show more events not found url {url}
Traceback (most recent call last):
  File "/home/max/Projects/football-stat-scraper/stat_scraper/fs_past_stat_parser.py", line 91, in get_more_events
    more_event_btn.click()
  File "/home/max/.local/lib/python3.8/site-packages/selenium/webdriver/remote/webelement.py", line 80, in click
    self._execute(Command.CLICK_ELEMENT)
  File "/home/max/.local/lib/python3.8/site-packages/selenium/webdriver/remote/webelement.py", line 633, in _execute
    return self._parent.execute(command, params)
  File "/home/max/.local/lib/python3.8/site-packages/selenium/webdriver/remote/webdriver.py", line 321, in execute
    self.error_handler.check_response(response)
  File "/home/max/.local/lib/python3.8/site-packages/selenium/webdriver/remote/errorhandler.py", line 242, in check_response
    raise exception_class(message, screen, stacktrace)
selenium.common.exceptions.StaleElementReferenceException: Message: stale element reference: element is not attached to the page document
  (Session info: headless chrome=84.0.4147.89)

INFO     fs_past_stat_parser.py[LINE:105 2020-07-31 19:15][find_previous_events] Start finding PREV events for 03.03.2020

INFO     fs_past_stat_parser.py[LINE:108 2020-07-31 19:15][find_previous_events] LAST date in received stat rows = 25.06.2009

INFO     fs_past_stat_parser.py[LINE:87 2020-07-31 19:15][get_more_events] Start CLICKING to show more btn on https://www.flashscore.com/team/banfield/GIb40wNM/results/ page
INFO     fs_past_stat_parser.py[LINE:105 2020-07-31 19:15][find_previous_events] Start finding PREV events for 10.03.2020

INFO     fs_past_stat_parser.py[LINE:108 2020-07-31 19:15][find_previous_events] LAST date in received stat rows = 02.06.2007

INFO     fs_past_stat_parser.py[LINE:105 2020-07-31 19:15][find_previous_events] Start finding PREV events for 07.03.2020

INFO     fs_past_stat_parser.py[LINE:87 2020-07-31 19:15][get_more_events] Start CLICKING to show more btn on https://www.flashscore.com/team/talleres-cordoba/bkDdeAvA/results/ page
INFO     fs_past_stat_parser.py[LINE:108 2020-07-31 19:15][find_previous_events] LAST date in received stat rows = 19.05.2007

INFO     fs_past_stat_parser.py[LINE:105 2020-07-31 19:15][find_previous_events] Start finding PREV events for 01.03.2020

INFO     fs_past_stat_parser.py[LINE:108 2020-07-31 19:15][find_previous_events] LAST date in received stat rows = 06.05.2007

INFO     fs_past_stat_parser.py[LINE:105 2020-07-31 19:15][find_previous_events] Start finding PREV events for 08.03.2020

INFO     fs_past_stat_parser.py[LINE:108 2020-07-31 19:15][find_previous_events] LAST date in received stat rows = 21.08.2006

INFO     fs_past_stat_parser.py[LINE:87 2020-07-31 19:15][get_more_events] Start CLICKING to show more btn on https://www.flashscore.com/team/velez-sarsfield/UsCR8gFd/results/ page
INFO     fs_past_stat_parser.py[LINE:87 2020-07-31 19:15][get_more_events] Start CLICKING to show more btn on https://www.flashscore.com/team/union-de-santa-fe/lr2YMkTK/results/ page
INFO     fs_past_stat_parser.py[LINE:87 2020-07-31 19:15][get_more_events] Start CLICKING to show more btn on https://www.flashscore.com/team/rosario-central/4QmJ2LNc/results/ page
INFO     fs_past_stat_parser.py[LINE:105 2020-07-31 19:15][find_previous_events] Start finding PREV events for 29.02.2020

INFO     fs_past_stat_parser.py[LINE:108 2020-07-31 19:15][find_previous_events] LAST date in received stat rows = 03.12.2006

INFO     fs_past_stat_parser.py[LINE:87 2020-07-31 19:15][get_more_events] Start CLICKING to show more btn on https://www.flashscore.com/team/patronato/rkRIZdfG/results/ page
INFO     fs_past_stat_parser.py[LINE:105 2020-07-31 19:15][find_previous_events] Start finding PREV events for 01.03.2020

INFO     fs_past_stat_parser.py[LINE:108 2020-07-31 19:15][find_previous_events] LAST date in received stat rows = 18.02.2006

INFO     fs_past_stat_parser.py[LINE:87 2020-07-31 19:15][get_more_events] Start CLICKING to show more btn on https://www.flashscore.com/team/atl-tucuman/KpqpxWko/results/ page
INFO     fs_past_stat_parser.py[LINE:105 2020-07-31 19:15][find_previous_events] Start finding PREV events for 09.03.2020

INFO     fs_past_stat_parser.py[LINE:108 2020-07-31 19:15][find_previous_events] LAST date in received stat rows = 02.11.2003

INFO     fs_past_stat_parser.py[LINE:87 2020-07-31 19:15][get_more_events] Start CLICKING to show more btn on https://www.flashscore.com/team/san-lorenzo/ju1xJoJd/results/ page
INFO     fs_past_stat_parser.py[LINE:105 2020-07-31 19:15][find_previous_events] Start finding PREV events for 09.03.2020

INFO     fs_past_stat_parser.py[LINE:105 2020-07-31 19:15][find_previous_events] Start finding PREV events for 25.02.2020

INFO     fs_past_stat_parser.py[LINE:108 2020-07-31 19:15][find_previous_events] LAST date in received stat rows = 19.11.2006

INFO     fs_past_stat_parser.py[LINE:108 2020-07-31 19:15][find_previous_events] LAST date in received stat rows = 27.04.2006

INFO     fs_past_stat_parser.py[LINE:105 2020-07-31 19:15][find_previous_events] Start finding PREV events for 08.03.2020

INFO     fs_past_stat_parser.py[LINE:108 2020-07-31 19:15][find_previous_events] LAST date in received stat rows = 08.04.2001

INFO     fs_past_stat_parser.py[LINE:105 2020-07-31 19:16][find_previous_events] Start finding PREV events for 29.02.2020

INFO     fs_past_stat_parser.py[LINE:108 2020-07-31 19:16][find_previous_events] LAST date in received stat rows = 13.04.2008

ERROR    fs_past_stat_parser.py[LINE:93 2020-07-31 19:16][get_more_events] Button show more events not found url {url}
Traceback (most recent call last):
  File "/home/max/Projects/football-stat-scraper/stat_scraper/fs_past_stat_parser.py", line 91, in get_more_events
    more_event_btn.click()
  File "/home/max/.local/lib/python3.8/site-packages/selenium/webdriver/remote/webelement.py", line 80, in click
    self._execute(Command.CLICK_ELEMENT)
  File "/home/max/.local/lib/python3.8/site-packages/selenium/webdriver/remote/webelement.py", line 633, in _execute
    return self._parent.execute(command, params)
  File "/home/max/.local/lib/python3.8/site-packages/selenium/webdriver/remote/webdriver.py", line 321, in execute
    self.error_handler.check_response(response)
  File "/home/max/.local/lib/python3.8/site-packages/selenium/webdriver/remote/errorhandler.py", line 242, in check_response
    raise exception_class(message, screen, stacktrace)
selenium.common.exceptions.StaleElementReferenceException: Message: stale element reference: element is not attached to the page document
  (Session info: headless chrome=84.0.4147.89)

INFO     fs_past_stat_parser.py[LINE:105 2020-07-31 19:16][find_previous_events] Start finding PREV events for 25.02.2020

INFO     fs_past_stat_parser.py[LINE:108 2020-07-31 19:16][find_previous_events] LAST date in received stat rows = 02.11.2003

INFO     fs_past_stat_parser.py[LINE:87 2020-07-31 19:16][get_more_events] Start CLICKING to show more btn on https://www.flashscore.com/team/colon-santa-fe/SAk2Byml/results/ page
